[26-Sep-2020 15:53:48 America/Araguaina] PHP Parse error:  syntax error, unexpected 'else' (T_ELSE) in /usr/share/nginx/html/prova/Questao1.php on line 25
[26-Sep-2020 15:53:49 America/Araguaina] PHP Parse error:  syntax error, unexpected 'else' (T_ELSE) in /usr/share/nginx/html/prova/Questao1.php on line 25
[26-Sep-2020 15:54:15 America/Araguaina] PHP Parse error:  syntax error, unexpected 'else' (T_ELSE) in /usr/share/nginx/html/prova/Questao1.php on line 25
[26-Sep-2020 15:56:41 America/Araguaina] PHP Parse error:  syntax error, unexpected '$seculo' (T_VARIABLE) in /usr/share/nginx/html/prova/Questao1.php on line 25
[26-Sep-2020 15:57:49 America/Araguaina] PHP Parse error:  syntax error, unexpected '$seculo' (T_VARIABLE), expecting ';' or ',' in /usr/share/nginx/html/prova/Questao1.php on line 30
[26-Sep-2020 16:00:12 America/Araguaina] PHP Parse error:  syntax error, unexpected '<' in /usr/share/nginx/html/prova/Questao1.php on line 30
[26-Sep-2020 16:00:30 America/Araguaina] PHP Parse error:  syntax error, unexpected 'O' (T_STRING), expecting ';' or ',' in /usr/share/nginx/html/prova/Questao1.php on line 30
[26-Sep-2020 16:07:17 America/Araguaina] PHP Parse error:  syntax error, unexpected '<', expecting '{' in /usr/share/nginx/html/prova/Questao1.php on line 24
[26-Sep-2020 16:07:53 America/Araguaina] PHP Parse error:  syntax error, unexpected '<', expecting '{' in /usr/share/nginx/html/prova/Questao1.php on line 24
[26-Sep-2020 16:08:30 America/Araguaina] PHP Parse error:  syntax error, unexpected '$firstName' (T_VARIABLE), expecting '{' in /usr/share/nginx/html/prova/Questao1.php on line 25
[26-Sep-2020 16:11:16 America/Araguaina] PHP Parse error:  syntax error, unexpected '}', expecting '(' in /usr/share/nginx/html/prova/Questao1.php on line 34
[26-Sep-2020 16:17:20 America/Araguaina] PHP Parse error:  syntax error, unexpected '}', expecting '{' in /usr/share/nginx/html/prova/Questao1.php on line 33
[26-Sep-2020 16:17:39 America/Araguaina] PHP Parse error:  syntax error, unexpected '}', expecting ';' in /usr/share/nginx/html/prova/Questao1.php on line 33
[26-Sep-2020 16:17:46 America/Araguaina] PHP Parse error:  syntax error, unexpected '}', expecting ';' in /usr/share/nginx/html/prova/Questao1.php on line 33
[26-Sep-2020 16:17:54 America/Araguaina] PHP Parse error:  syntax error, unexpected '}', expecting ';' in /usr/share/nginx/html/prova/Questao1.php on line 33
[26-Sep-2020 16:17:55 America/Araguaina] PHP Parse error:  syntax error, unexpected '}', expecting ';' in /usr/share/nginx/html/prova/Questao1.php on line 33
[26-Sep-2020 16:18:02 America/Araguaina] PHP Parse error:  syntax error, unexpected '}', expecting ';' in /usr/share/nginx/html/prova/Questao1.php on line 33
[26-Sep-2020 16:18:16 America/Araguaina] PHP Parse error:  syntax error, unexpected '}', expecting ';' or ',' in /usr/share/nginx/html/prova/Questao1.php on line 35
[26-Sep-2020 16:18:25 America/Araguaina] PHP Parse error:  syntax error, unexpected '}', expecting ';' or ',' in /usr/share/nginx/html/prova/Questao1.php on line 35
[26-Sep-2020 16:18:47 America/Araguaina] PHP Parse error:  syntax error, unexpected '}', expecting ';' or ',' in /usr/share/nginx/html/prova/Questao1.php on line 35
[26-Sep-2020 16:21:38 America/Araguaina] PHP Parse error:  syntax error, unexpected '=' in /usr/share/nginx/html/prova/Questao1.php on line 25
[26-Sep-2020 16:21:54 America/Araguaina] PHP Parse error:  syntax error, unexpected '=' in /usr/share/nginx/html/prova/Questao1.php on line 25
[26-Sep-2020 16:22:01 America/Araguaina] PHP Parse error:  syntax error, unexpected '=' in /usr/share/nginx/html/prova/Questao1.php on line 26
[26-Sep-2020 16:22:11 America/Araguaina] PHP Parse error:  syntax error, unexpected ':', expecting ']' in /usr/share/nginx/html/prova/Questao1.php on line 26
[26-Sep-2020 16:23:02 America/Araguaina] PHP Parse error:  syntax error, unexpected ':', expecting ']' in /usr/share/nginx/html/prova/Questao1.php on line 27
[26-Sep-2020 16:23:13 America/Araguaina] PHP Parse error:  syntax error, unexpected ':', expecting ']' in /usr/share/nginx/html/prova/Questao1.php on line 27
[26-Sep-2020 16:23:20 America/Araguaina] PHP Parse error:  syntax error, unexpected 'decimal' (T_STRING), expecting '(' in /usr/share/nginx/html/prova/Questao1.php on line 29
[26-Sep-2020 16:23:34 America/Araguaina] PHP Parse error:  syntax error, unexpected '}' in /usr/share/nginx/html/prova/Questao1.php on line 40
[26-Sep-2020 16:23:44 America/Araguaina] PHP Parse error:  syntax error, unexpected '}' in /usr/share/nginx/html/prova/Questao1.php on line 35
[26-Sep-2020 16:23:59 America/Araguaina] PHP Parse error:  syntax error, unexpected '$year' (T_VARIABLE), expecting '{' in /usr/share/nginx/html/prova/Questao1.php on line 24
[26-Sep-2020 16:24:16 America/Araguaina] PHP Parse error:  syntax error, unexpected '$year' (T_VARIABLE), expecting '{' in /usr/share/nginx/html/prova/Questao1.php on line 24
[26-Sep-2020 16:24:31 America/Araguaina] PHP Parse error:  syntax error, unexpected '}' in /usr/share/nginx/html/prova/Questao1.php on line 35
[26-Sep-2020 16:24:44 America/Araguaina] PHP Parse error:  syntax error, unexpected '}' in /usr/share/nginx/html/prova/Questao1.php on line 34
[26-Sep-2020 16:24:50 America/Araguaina] PHP Parse error:  syntax error, unexpected end of file in /usr/share/nginx/html/prova/Questao1.php on line 40
[26-Sep-2020 16:25:04 America/Araguaina] PHP Parse error:  syntax error, unexpected end of file in /usr/share/nginx/html/prova/Questao1.php on line 35
[26-Sep-2020 16:25:04 America/Araguaina] PHP Parse error:  syntax error, unexpected end of file in /usr/share/nginx/html/prova/Questao1.php on line 35
[26-Sep-2020 16:25:16 America/Araguaina] PHP Parse error:  syntax error, unexpected '}' in /usr/share/nginx/html/prova/Questao1.php on line 34
[26-Sep-2020 16:25:23 America/Araguaina] PHP Parse error:  syntax error, unexpected end of file in /usr/share/nginx/html/prova/Questao1.php on line 34
[26-Sep-2020 16:25:33 America/Araguaina] PHP Parse error:  syntax error, unexpected end of file in /usr/share/nginx/html/prova/Questao1.php on line 34
[26-Sep-2020 16:28:12 America/Araguaina] PHP Parse error:  syntax error, unexpected '}' in /usr/share/nginx/html/prova/Questao1.php on line 32
[26-Sep-2020 16:35:39 America/Araguaina] PHP Parse error:  syntax error, unexpected 'if' (T_IF) in /usr/share/nginx/html/prova/Questao1.php on line 27
[26-Sep-2020 16:37:43 America/Araguaina] PHP Parse error:  syntax error, unexpected 'if' (T_IF) in /usr/share/nginx/html/prova/Questao1.php on line 27
[26-Sep-2020 16:38:07 America/Araguaina] PHP Parse error:  syntax error, unexpected 'return' (T_RETURN) in /usr/share/nginx/html/prova/Questao1.php on line 27
[26-Sep-2020 16:38:14 America/Araguaina] PHP Parse error:  syntax error, unexpected 'return' (T_RETURN) in /usr/share/nginx/html/prova/Questao1.php on line 27
[26-Sep-2020 16:38:25 America/Araguaina] PHP Parse error:  syntax error, unexpected 'return' (T_RETURN) in /usr/share/nginx/html/prova/Questao1.php on line 27
[26-Sep-2020 16:38:30 America/Araguaina] PHP Parse error:  syntax error, unexpected 'return' (T_RETURN) in /usr/share/nginx/html/prova/Questao1.php on line 27
[26-Sep-2020 16:38:34 America/Araguaina] PHP Parse error:  syntax error, unexpected 'return' (T_RETURN) in /usr/share/nginx/html/prova/Questao1.php on line 27
[26-Sep-2020 16:38:39 America/Araguaina] PHP Parse error:  syntax error, unexpected 'return' (T_RETURN) in /usr/share/nginx/html/prova/Questao1.php on line 27
[26-Sep-2020 16:42:09 America/Araguaina] PHP Parse error:  syntax error, unexpected 'return' (T_RETURN) in /usr/share/nginx/html/prova/Questao1.php on line 25
[26-Sep-2020 16:47:05 America/Araguaina] PHP Parse error:  syntax error, unexpected ')', expecting ';' in /usr/share/nginx/html/prova/Questao1.php on line 25
[26-Sep-2020 16:47:59 America/Araguaina] PHP Parse error:  syntax error, unexpected '=' in /usr/share/nginx/html/prova/Questao1.php on line 25
[26-Sep-2020 16:54:34 America/Araguaina] PHP Parse error:  syntax error, unexpected '$year' (T_VARIABLE), expecting '(' in /usr/share/nginx/html/prova/Questao1.php on line 26
[26-Sep-2020 16:55:01 America/Araguaina] PHP Parse error:  syntax error, unexpected '$year' (T_VARIABLE), expecting '(' in /usr/share/nginx/html/prova/Questao1.php on line 26
[26-Sep-2020 16:55:22 America/Araguaina] PHP Parse error:  syntax error, unexpected '$year' (T_VARIABLE), expecting '(' in /usr/share/nginx/html/prova/Questao1.php on line 26
[26-Sep-2020 16:55:25 America/Araguaina] PHP Parse error:  syntax error, unexpected '$year' (T_VARIABLE), expecting '(' in /usr/share/nginx/html/prova/Questao1.php on line 26
[26-Sep-2020 16:55:29 America/Araguaina] PHP Parse error:  syntax error, unexpected '$year' (T_VARIABLE), expecting '(' in /usr/share/nginx/html/prova/Questao1.php on line 26
[26-Sep-2020 16:55:29 America/Araguaina] PHP Parse error:  syntax error, unexpected '$year' (T_VARIABLE), expecting '(' in /usr/share/nginx/html/prova/Questao1.php on line 26
[26-Sep-2020 16:56:14 America/Araguaina] PHP Parse error:  syntax error, unexpected '$year' (T_VARIABLE), expecting '(' in /usr/share/nginx/html/prova/Questao1.php on line 26
[26-Sep-2020 16:56:46 America/Araguaina] PHP Parse error:  syntax error, unexpected '$year' (T_VARIABLE), expecting '(' in /usr/share/nginx/html/prova/Questao1.php on line 26
[26-Sep-2020 16:57:15 America/Araguaina] PHP Parse error:  syntax error, unexpected '}', expecting ';' or ',' in /usr/share/nginx/html/prova/Questao1.php on line 29
[26-Sep-2020 16:57:26 America/Araguaina] PHP Parse error:  syntax error, unexpected '}', expecting ';' or ',' in /usr/share/nginx/html/prova/Questao1.php on line 36
[26-Sep-2020 16:57:29 America/Araguaina] PHP Parse error:  syntax error, unexpected '}', expecting ';' or ',' in /usr/share/nginx/html/prova/Questao1.php on line 36
[26-Sep-2020 16:57:37 America/Araguaina] PHP Parse error:  syntax error, unexpected end of file, expecting ';' or ',' in /usr/share/nginx/html/prova/Questao1.php on line 35
[26-Sep-2020 16:57:39 America/Araguaina] PHP Parse error:  syntax error, unexpected end of file, expecting ';' or ',' in /usr/share/nginx/html/prova/Questao1.php on line 35
[26-Sep-2020 16:57:50 America/Araguaina] PHP Parse error:  syntax error, unexpected end of file, expecting ';' or ',' in /usr/share/nginx/html/prova/Questao1.php on line 28
[26-Sep-2020 16:59:56 America/Araguaina] PHP Parse error:  syntax error, unexpected end of file, expecting '(' in /usr/share/nginx/html/prova/Questao1.php on line 23
[26-Sep-2020 17:20:10 America/Araguaina] PHP Parse error:  syntax error, unexpected '}', expecting ';' in /usr/share/nginx/html/prova/Questao1.php on line 36
[26-Sep-2020 17:22:02 America/Araguaina] PHP Parse error:  syntax error, unexpected '}', expecting ';' or ',' in /usr/share/nginx/html/prova/Questao1.php on line 37
[26-Sep-2020 17:24:35 America/Araguaina] PHP Parse error:  syntax error, unexpected 'return' (T_RETURN) in /usr/share/nginx/html/prova/Questao1.php on line 28
[26-Sep-2020 17:24:44 America/Araguaina] PHP Parse error:  syntax error, unexpected 'return' (T_RETURN) in /usr/share/nginx/html/prova/Questao1.php on line 28
[26-Sep-2020 18:00:51 America/Araguaina] PHP Parse error:  syntax error, unexpected '{' in /usr/share/nginx/html/prova/Questao1.php on line 28
[26-Sep-2020 18:09:38 America/Araguaina] PHP Parse error:  syntax error, unexpected '}', expecting ';' or ',' in /usr/share/nginx/html/prova/Questao1.php on line 27
[26-Sep-2020 18:14:02 America/Araguaina] PHP Parse error:  syntax error, unexpected '}' in /usr/share/nginx/html/prova/Questao1.php on line 33
[26-Sep-2020 18:47:00 America/Araguaina] PHP Parse error:  syntax error, unexpected ')' in /usr/share/nginx/html/prova/Questao1.php on line 33
[26-Sep-2020 18:47:00 America/Araguaina] PHP Parse error:  syntax error, unexpected ')' in /usr/share/nginx/html/prova/Questao1.php on line 33
[26-Sep-2020 18:47:00 America/Araguaina] PHP Parse error:  syntax error, unexpected ')' in /usr/share/nginx/html/prova/Questao1.php on line 33
[26-Sep-2020 18:47:00 America/Araguaina] PHP Parse error:  syntax error, unexpected ')' in /usr/share/nginx/html/prova/Questao1.php on line 33
[26-Sep-2020 18:50:37 America/Araguaina] PHP Parse error:  syntax error, unexpected ')' in /usr/share/nginx/html/prova/Questao1.php on line 33
[26-Sep-2020 18:51:11 America/Araguaina] PHP Parse error:  syntax error, unexpected 'if' (T_IF), expecting variable (T_VARIABLE) or '{' or '$' in /usr/share/nginx/html/prova/Questao1.php on line 33
[26-Sep-2020 18:51:11 America/Araguaina] PHP Parse error:  syntax error, unexpected 'if' (T_IF), expecting variable (T_VARIABLE) or '{' or '$' in /usr/share/nginx/html/prova/Questao1.php on line 33
[26-Sep-2020 18:51:25 America/Araguaina] PHP Parse error:  syntax error, unexpected 'if' (T_IF), expecting variable (T_VARIABLE) or '{' or '$' in /usr/share/nginx/html/prova/Questao1.php on line 33
[26-Sep-2020 18:51:25 America/Araguaina] PHP Parse error:  syntax error, unexpected 'if' (T_IF), expecting variable (T_VARIABLE) or '{' or '$' in /usr/share/nginx/html/prova/Questao1.php on line 33
[26-Sep-2020 18:51:36 America/Araguaina] PHP Parse error:  syntax error, unexpected 'if' (T_IF), expecting variable (T_VARIABLE) or '{' or '$' in /usr/share/nginx/html/prova/Questao1.php on line 33
[26-Sep-2020 18:53:21 America/Araguaina] PHP Parse error:  syntax error, unexpected 'if' (T_IF) in /usr/share/nginx/html/prova/Questao1.php on line 33
[26-Sep-2020 18:54:41 America/Araguaina] PHP Parse error:  syntax error, unexpected '}', expecting ';' or ',' in /usr/share/nginx/html/prova/Questao1.php on line 35
[26-Sep-2020 18:55:03 America/Araguaina] PHP Parse error:  syntax error, unexpected 'else' (T_ELSE), expecting ';' or ',' in /usr/share/nginx/html/prova/Questao1.php on line 35
[26-Sep-2020 18:55:03 America/Araguaina] PHP Parse error:  syntax error, unexpected 'else' (T_ELSE), expecting ';' or ',' in /usr/share/nginx/html/prova/Questao1.php on line 35
[26-Sep-2020 18:56:02 America/Araguaina] PHP Parse error:  syntax error, unexpected 'else' (T_ELSE), expecting ';' or ',' in /usr/share/nginx/html/prova/Questao1.php on line 35
[26-Sep-2020 18:58:16 America/Araguaina] PHP Parse error:  syntax error, unexpected ')' in /usr/share/nginx/html/prova/Questao1.php on line 31
[26-Sep-2020 19:00:49 America/Araguaina] PHP Parse error:  syntax error, unexpected '%' in /usr/share/nginx/html/prova/Questao1.php on line 29
[26-Sep-2020 19:09:34 America/Araguaina] PHP Parse error:  syntax error, unexpected '%' in /usr/share/nginx/html/prova/Questao1.php on line 29
[26-Sep-2020 19:31:38 America/Araguaina] PHP Parse error:  syntax error, unexpected '%' in /usr/share/nginx/html/prova/Questao1.php on line 28
[26-Sep-2020 19:31:38 America/Araguaina] PHP Parse error:  syntax error, unexpected '%' in /usr/share/nginx/html/prova/Questao1.php on line 28
[26-Sep-2020 19:32:31 America/Araguaina] PHP Parse error:  syntax error, unexpected 'if' (T_IF), expecting ';' or ',' in /usr/share/nginx/html/prova/Questao1.php on line 31
[26-Sep-2020 19:36:04 America/Araguaina] PHP Parse error:  syntax error, unexpected 'echo' (T_ECHO) in /usr/share/nginx/html/prova/Questao1.php on line 30
[26-Sep-2020 19:36:12 America/Araguaina] PHP Parse error:  syntax error, unexpected 'echo' (T_ECHO) in /usr/share/nginx/html/prova/Questao1.php on line 30
[26-Sep-2020 19:36:24 America/Araguaina] PHP Parse error:  syntax error, unexpected 'echo' (T_ECHO) in /usr/share/nginx/html/prova/Questao1.php on line 30
[26-Sep-2020 19:36:24 America/Araguaina] PHP Parse error:  syntax error, unexpected 'echo' (T_ECHO) in /usr/share/nginx/html/prova/Questao1.php on line 30
[26-Sep-2020 19:36:29 America/Araguaina] PHP Parse error:  syntax error, unexpected 'if' (T_IF), expecting ';' or ',' in /usr/share/nginx/html/prova/Questao1.php on line 33
[26-Sep-2020 19:36:48 America/Araguaina] PHP Parse error:  syntax error, unexpected 'else' (T_ELSE), expecting ';' or ',' in /usr/share/nginx/html/prova/Questao1.php on line 32
[26-Sep-2020 19:36:57 America/Araguaina] PHP Parse error:  syntax error, unexpected 'else' (T_ELSE), expecting ';' or ',' in /usr/share/nginx/html/prova/Questao1.php on line 32
[26-Sep-2020 19:37:06 America/Araguaina] PHP Parse error:  syntax error, unexpected 'else' (T_ELSE), expecting ';' or ',' in /usr/share/nginx/html/prova/Questao1.php on line 32
[26-Sep-2020 19:37:07 America/Araguaina] PHP Parse error:  syntax error, unexpected 'else' (T_ELSE), expecting ';' or ',' in /usr/share/nginx/html/prova/Questao1.php on line 32
[26-Sep-2020 19:37:19 America/Araguaina] PHP Parse error:  syntax error, unexpected 'else' (T_ELSE) in /usr/share/nginx/html/prova/Questao1.php on line 32
[26-Sep-2020 19:37:26 America/Araguaina] PHP Parse error:  syntax error, unexpected 'else' (T_ELSE) in /usr/share/nginx/html/prova/Questao1.php on line 31
[26-Sep-2020 19:37:26 America/Araguaina] PHP Parse error:  syntax error, unexpected 'else' (T_ELSE) in /usr/share/nginx/html/prova/Questao1.php on line 31
[26-Sep-2020 19:37:31 America/Araguaina] PHP Parse error:  syntax error, unexpected 'else' (T_ELSE) in /usr/share/nginx/html/prova/Questao1.php on line 31
[26-Sep-2020 19:37:42 America/Araguaina] PHP Parse error:  syntax error, unexpected '}' in /usr/share/nginx/html/prova/Questao1.php on line 33
[26-Sep-2020 19:38:54 America/Araguaina] PHP Parse error:  syntax error, unexpected 'else' (T_ELSE) in /usr/share/nginx/html/prova/Questao1.php on line 31
[26-Sep-2020 19:38:59 America/Araguaina] PHP Parse error:  syntax error, unexpected 'else' (T_ELSE) in /usr/share/nginx/html/prova/Questao1.php on line 31
[26-Sep-2020 19:39:21 America/Araguaina] PHP Parse error:  syntax error, unexpected 'else' (T_ELSE) in /usr/share/nginx/html/prova/Questao1.php on line 31
[26-Sep-2020 19:39:56 America/Araguaina] PHP Parse error:  syntax error, unexpected 'else' (T_ELSE) in /usr/share/nginx/html/prova/Questao1.php on line 31
[26-Sep-2020 19:39:56 America/Araguaina] PHP Parse error:  syntax error, unexpected 'else' (T_ELSE) in /usr/share/nginx/html/prova/Questao1.php on line 31
[26-Sep-2020 19:40:57 America/Araguaina] PHP Parse error:  syntax error, unexpected 'else' (T_ELSE) in /usr/share/nginx/html/prova/Questao1.php on line 31
[26-Sep-2020 19:41:07 America/Araguaina] PHP Parse error:  syntax error, unexpected 'else' (T_ELSE) in /usr/share/nginx/html/prova/Questao1.php on line 31
[26-Sep-2020 19:41:13 America/Araguaina] PHP Parse error:  syntax error, unexpected 'else' (T_ELSE) in /usr/share/nginx/html/prova/Questao1.php on line 31
[26-Sep-2020 19:41:22 America/Araguaina] PHP Parse error:  syntax error, unexpected 'else' (T_ELSE) in /usr/share/nginx/html/prova/Questao1.php on line 33
[26-Sep-2020 19:42:33 America/Araguaina] PHP Parse error:  syntax error, unexpected 'else' (T_ELSE) in /usr/share/nginx/html/prova/Questao1.php on line 33
[26-Sep-2020 19:42:44 America/Araguaina] PHP Parse error:  syntax error, unexpected 'else' (T_ELSE) in /usr/share/nginx/html/prova/Questao1.php on line 33
[26-Sep-2020 19:42:54 America/Araguaina] PHP Parse error:  syntax error, unexpected 'else' (T_ELSE) in /usr/share/nginx/html/prova/Questao1.php on line 33
[26-Sep-2020 19:43:03 America/Araguaina] PHP Parse error:  syntax error, unexpected 'else' (T_ELSE) in /usr/share/nginx/html/prova/Questao1.php on line 31
[26-Sep-2020 19:43:14 America/Araguaina] PHP Parse error:  syntax error, unexpected 'else' (T_ELSE) in /usr/share/nginx/html/prova/Questao1.php on line 31
[26-Sep-2020 19:43:23 America/Araguaina] PHP Parse error:  syntax error, unexpected 'else' (T_ELSE) in /usr/share/nginx/html/prova/Questao1.php on line 31
[26-Sep-2020 19:43:38 America/Araguaina] PHP Parse error:  syntax error, unexpected 'else' (T_ELSE) in /usr/share/nginx/html/prova/Questao1.php on line 31
[26-Sep-2020 19:44:01 America/Araguaina] PHP Parse error:  syntax error, unexpected 'else' (T_ELSE) in /usr/share/nginx/html/prova/Questao1.php on line 31
[26-Sep-2020 19:44:10 America/Araguaina] PHP Parse error:  syntax error, unexpected 'else' (T_ELSE) in /usr/share/nginx/html/prova/Questao1.php on line 31
[26-Sep-2020 19:44:25 America/Araguaina] PHP Parse error:  syntax error, unexpected 'else' (T_ELSE) in /usr/share/nginx/html/prova/Questao1.php on line 31
[26-Sep-2020 19:44:33 America/Araguaina] PHP Parse error:  syntax error, unexpected 'else' (T_ELSE) in /usr/share/nginx/html/prova/Questao1.php on line 31
[26-Sep-2020 19:45:10 America/Araguaina] PHP Parse error:  syntax error, unexpected end of file in /usr/share/nginx/html/prova/Questao1.php on line 35
[26-Sep-2020 19:45:14 America/Araguaina] PHP Parse error:  syntax error, unexpected end of file in /usr/share/nginx/html/prova/Questao1.php on line 35
[27-Sep-2020 10:20:32 America/Araguaina] PHP Notice:  Undefined variable: inputArray in /usr/share/nginx/html/prova/Questao3.php on line 36
[27-Sep-2020 10:20:32 America/Araguaina] PHP Stack trace:
[27-Sep-2020 10:20:32 America/Araguaina] PHP   1. {main}() /usr/share/nginx/html/prova/Questao3.php:0
[27-Sep-2020 10:20:59 America/Araguaina] PHP Notice:  Undefined variable: inputArray in /usr/share/nginx/html/prova/Questao3.php on line 36
[27-Sep-2020 10:20:59 America/Araguaina] PHP Stack trace:
[27-Sep-2020 10:20:59 America/Araguaina] PHP   1. {main}() /usr/share/nginx/html/prova/Questao3.php:0
[27-Sep-2020 10:21:50 America/Araguaina] PHP Notice:  Undefined variable: array in /usr/share/nginx/html/prova/Questao3.php on line 36
[27-Sep-2020 10:21:50 America/Araguaina] PHP Stack trace:
[27-Sep-2020 10:21:50 America/Araguaina] PHP   1. {main}() /usr/share/nginx/html/prova/Questao3.php:0
[27-Sep-2020 10:21:50 America/Araguaina] PHP Notice:  Undefined variable: array2 in /usr/share/nginx/html/prova/Questao3.php on line 36
[27-Sep-2020 10:21:50 America/Araguaina] PHP Stack trace:
[27-Sep-2020 10:21:50 America/Araguaina] PHP   1. {main}() /usr/share/nginx/html/prova/Questao3.php:0
[27-Sep-2020 10:22:11 America/Araguaina] PHP Notice:  Undefined variable: array1 in /usr/share/nginx/html/prova/Questao3.php on line 36
[27-Sep-2020 10:22:11 America/Araguaina] PHP Stack trace:
[27-Sep-2020 10:22:11 America/Araguaina] PHP   1. {main}() /usr/share/nginx/html/prova/Questao3.php:0
[27-Sep-2020 10:22:11 America/Araguaina] PHP Notice:  Undefined variable: array2 in /usr/share/nginx/html/prova/Questao3.php on line 36
[27-Sep-2020 10:22:11 America/Araguaina] PHP Stack trace:
[27-Sep-2020 10:22:11 America/Araguaina] PHP   1. {main}() /usr/share/nginx/html/prova/Questao3.php:0
[27-Sep-2020 10:34:52 America/Araguaina] PHP Parse error:  syntax error, unexpected '[', expecting '(' in /usr/share/nginx/html/prova/Questao3.php on line 32
[27-Sep-2020 10:36:29 America/Araguaina] PHP Parse error:  syntax error, unexpected 'else' (T_ELSE) in /usr/share/nginx/html/prova/Questao3.php on line 35
[27-Sep-2020 11:09:53 America/Araguaina] PHP Parse error:  syntax error, unexpected end of file in /usr/share/nginx/html/prova/Questao3.php on line 63
[27-Sep-2020 11:11:58 America/Araguaina] PHP Fatal error:  Uncaught Error: Unsupported operand types in /usr/share/nginx/html/prova/Questao3.php:26
Stack trace:
#0 /usr/share/nginx/html/prova/Questao3.php(50): adjacentElementsProduct()
#1 {main}
  thrown in /usr/share/nginx/html/prova/Questao3.php on line 26
[27-Sep-2020 11:14:54 America/Araguaina] PHP Notice:  Undefined variable: inputArray in /usr/share/nginx/html/prova/Questao3.php on line 50
[27-Sep-2020 11:14:54 America/Araguaina] PHP Stack trace:
[27-Sep-2020 11:14:54 America/Araguaina] PHP   1. {main}() /usr/share/nginx/html/prova/Questao3.php:0
[27-Sep-2020 11:16:55 America/Araguaina] PHP Notice:  Undefined variable: array1 in /usr/share/nginx/html/prova/Questao3.php on line 49
[27-Sep-2020 11:16:55 America/Araguaina] PHP Stack trace:
[27-Sep-2020 11:16:55 America/Araguaina] PHP   1. {main}() /usr/share/nginx/html/prova/Questao3.php:0
[27-Sep-2020 11:16:55 America/Araguaina] PHP Notice:  Undefined variable: array2 in /usr/share/nginx/html/prova/Questao3.php on line 49
[27-Sep-2020 11:16:56 America/Araguaina] PHP Stack trace:
[27-Sep-2020 11:16:56 America/Araguaina] PHP   1. {main}() /usr/share/nginx/html/prova/Questao3.php:0
[27-Sep-2020 11:16:56 America/Araguaina] PHP Notice:  Undefined variable: array3 in /usr/share/nginx/html/prova/Questao3.php on line 49
[27-Sep-2020 11:16:56 America/Araguaina] PHP Stack trace:
[27-Sep-2020 11:16:56 America/Araguaina] PHP   1. {main}() /usr/share/nginx/html/prova/Questao3.php:0
[27-Sep-2020 11:16:56 America/Araguaina] PHP Notice:  Undefined variable: array4 in /usr/share/nginx/html/prova/Questao3.php on line 49
[27-Sep-2020 11:16:56 America/Araguaina] PHP Stack trace:
[27-Sep-2020 11:16:56 America/Araguaina] PHP   1. {main}() /usr/share/nginx/html/prova/Questao3.php:0
[27-Sep-2020 11:16:56 America/Araguaina] PHP Notice:  Undefined variable: array5 in /usr/share/nginx/html/prova/Questao3.php on line 49
[27-Sep-2020 11:16:56 America/Araguaina] PHP Stack trace:
[27-Sep-2020 11:16:56 America/Araguaina] PHP   1. {main}() /usr/share/nginx/html/prova/Questao3.php:0
[27-Sep-2020 12:37:10 America/Araguaina] PHP Warning:  Unterminated comment starting line 35 in /usr/share/nginx/html/prova/Questao3.php on line 35
[27-Sep-2020 12:37:10 America/Araguaina] PHP Parse error:  syntax error, unexpected end of file in /usr/share/nginx/html/prova/Questao3.php on line 64
[27-Sep-2020 12:40:06 America/Araguaina] PHP Warning:  Unterminated comment starting line 37 in /usr/share/nginx/html/prova/Questao3.php on line 37
[27-Sep-2020 12:40:06 America/Araguaina] PHP Parse error:  syntax error, unexpected end of file in /usr/share/nginx/html/prova/Questao3.php on line 66
[27-Sep-2020 12:41:18 America/Araguaina] PHP Warning:  Unterminated comment starting line 37 in /usr/share/nginx/html/prova/Questao3.php on line 37
[27-Sep-2020 12:41:18 America/Araguaina] PHP Parse error:  syntax error, unexpected end of file in /usr/share/nginx/html/prova/Questao3.php on line 66
[27-Sep-2020 12:43:36 America/Araguaina] PHP Warning:  array_product() expects parameter 1 to be array, int given in /usr/share/nginx/html/prova/Questao3.php on line 23
[27-Sep-2020 12:43:36 America/Araguaina] PHP Stack trace:
[27-Sep-2020 12:43:36 America/Araguaina] PHP   1. {main}() /usr/share/nginx/html/prova/Questao3.php:0
[27-Sep-2020 12:43:36 America/Araguaina] PHP   2. adjacentElementsProduct() /usr/share/nginx/html/prova/Questao3.php:25
[27-Sep-2020 12:43:36 America/Araguaina] PHP   3. array_product() /usr/share/nginx/html/prova/Questao3.php:23
[27-Sep-2020 12:46:19 America/Araguaina] PHP Parse error:  syntax error, unexpected ';', expecting ')' in /usr/share/nginx/html/prova/Questao3.php on line 25
[27-Sep-2020 12:48:17 America/Araguaina] PHP Warning:  array_product() expects exactly 1 parameter, 3 given in /usr/share/nginx/html/prova/Questao3.php on line 25
[27-Sep-2020 12:48:17 America/Araguaina] PHP Stack trace:
[27-Sep-2020 12:48:17 America/Araguaina] PHP   1. {main}() /usr/share/nginx/html/prova/Questao3.php:0
[27-Sep-2020 12:48:17 America/Araguaina] PHP   2. adjacentElementsProduct() /usr/share/nginx/html/prova/Questao3.php:27
[27-Sep-2020 12:48:17 America/Araguaina] PHP   3. array_product() /usr/share/nginx/html/prova/Questao3.php:25
[27-Sep-2020 12:50:43 America/Araguaina] PHP Notice:  Undefined variable: a in /usr/share/nginx/html/prova/Questao3.php on line 25
[27-Sep-2020 12:50:43 America/Araguaina] PHP Stack trace:
[27-Sep-2020 12:50:43 America/Araguaina] PHP   1. {main}() /usr/share/nginx/html/prova/Questao3.php:0
[27-Sep-2020 12:50:44 America/Araguaina] PHP Notice:  Undefined variable: a in /usr/share/nginx/html/prova/Questao3.php on line 25
[27-Sep-2020 12:50:44 America/Araguaina] PHP Stack trace:
[27-Sep-2020 12:50:44 America/Araguaina] PHP   1. {main}() /usr/share/nginx/html/prova/Questao3.php:0
[27-Sep-2020 12:51:11 America/Araguaina] PHP Fatal error:  Uncaught ArgumentCountError: Too few arguments to function adjacentElementsProduct(), 0 passed in /usr/share/nginx/html/prova/Questao3.php on line 26 and exactly 1 expected in /usr/share/nginx/html/prova/Questao3.php:18
Stack trace:
#0 /usr/share/nginx/html/prova/Questao3.php(26): adjacentElementsProduct()
#1 {main}
  thrown in /usr/share/nginx/html/prova/Questao3.php on line 18
[27-Sep-2020 13:00:31 America/Araguaina] PHP Notice:  Undefined variable: array in /usr/share/nginx/html/prova/Questao3.php on line 26
[27-Sep-2020 13:00:31 America/Araguaina] PHP Stack trace:
[27-Sep-2020 13:00:31 America/Araguaina] PHP   1. {main}() /usr/share/nginx/html/prova/Questao3.php:0
[27-Sep-2020 13:01:02 America/Araguaina] PHP Notice:  Undefined variable: array in /usr/share/nginx/html/prova/Questao3.php on line 26
[27-Sep-2020 13:01:02 America/Araguaina] PHP Stack trace:
[27-Sep-2020 13:01:02 America/Araguaina] PHP   1. {main}() /usr/share/nginx/html/prova/Questao3.php:0
[27-Sep-2020 13:09:18 America/Araguaina] PHP Notice:  Undefined variable: array in /usr/share/nginx/html/prova/Questao3.php on line 26
[27-Sep-2020 13:09:18 America/Araguaina] PHP Stack trace:
[27-Sep-2020 13:09:18 America/Araguaina] PHP   1. {main}() /usr/share/nginx/html/prova/Questao3.php:0
[27-Sep-2020 13:10:01 America/Araguaina] PHP Notice:  Undefined variable: array in /usr/share/nginx/html/prova/Questao3.php on line 26
[27-Sep-2020 13:10:01 America/Araguaina] PHP Stack trace:
[27-Sep-2020 13:10:01 America/Araguaina] PHP   1. {main}() /usr/share/nginx/html/prova/Questao3.php:0
[27-Sep-2020 13:11:16 America/Araguaina] PHP Notice:  Undefined variable: array in /usr/share/nginx/html/prova/Questao3.php on line 26
[27-Sep-2020 13:11:16 America/Araguaina] PHP Stack trace:
[27-Sep-2020 13:11:16 America/Araguaina] PHP   1. {main}() /usr/share/nginx/html/prova/Questao3.php:0
[27-Sep-2020 13:11:30 America/Araguaina] PHP Notice:  Undefined variable: inputArray in /usr/share/nginx/html/prova/Questao3.php on line 26
[27-Sep-2020 13:11:30 America/Araguaina] PHP Stack trace:
[27-Sep-2020 13:11:30 America/Araguaina] PHP   1. {main}() /usr/share/nginx/html/prova/Questao3.php:0
[27-Sep-2020 13:11:31 America/Araguaina] PHP Notice:  Undefined variable: inputArray in /usr/share/nginx/html/prova/Questao3.php on line 26
[27-Sep-2020 13:11:31 America/Araguaina] PHP Stack trace:
[27-Sep-2020 13:11:31 America/Araguaina] PHP   1. {main}() /usr/share/nginx/html/prova/Questao3.php:0
[27-Sep-2020 13:11:59 America/Araguaina] PHP Notice:  Undefined variable: inputArray in /usr/share/nginx/html/prova/Questao3.php on line 26
[27-Sep-2020 13:11:59 America/Araguaina] PHP Stack trace:
[27-Sep-2020 13:11:59 America/Araguaina] PHP   1. {main}() /usr/share/nginx/html/prova/Questao3.php:0
[27-Sep-2020 13:13:30 America/Araguaina] PHP Parse error:  syntax error, unexpected 'var_dump' (T_STRING) in /usr/share/nginx/html/prova/Questao3.php on line 24
[27-Sep-2020 13:14:11 America/Araguaina] PHP Notice:  Undefined variable: inputArray in /usr/share/nginx/html/prova/Questao3.php on line 27
[27-Sep-2020 13:14:11 America/Araguaina] PHP Stack trace:
[27-Sep-2020 13:14:11 America/Araguaina] PHP   1. {main}() /usr/share/nginx/html/prova/Questao3.php:0
[27-Sep-2020 13:14:12 America/Araguaina] PHP Notice:  Undefined variable: inputArray in /usr/share/nginx/html/prova/Questao3.php on line 27
[27-Sep-2020 13:14:12 America/Araguaina] PHP Stack trace:
[27-Sep-2020 13:14:12 America/Araguaina] PHP   1. {main}() /usr/share/nginx/html/prova/Questao3.php:0
[27-Sep-2020 13:14:12 America/Araguaina] PHP Notice:  Undefined variable: inputArray in /usr/share/nginx/html/prova/Questao3.php on line 27
[27-Sep-2020 13:14:12 America/Araguaina] PHP Stack trace:
[27-Sep-2020 13:14:12 America/Araguaina] PHP   1. {main}() /usr/share/nginx/html/prova/Questao3.php:0
[27-Sep-2020 13:16:04 America/Araguaina] PHP Notice:  Undefined variable: inputArray in /usr/share/nginx/html/prova/Questao3.php on line 37
[27-Sep-2020 13:16:04 America/Araguaina] PHP Stack trace:
[27-Sep-2020 13:16:04 America/Araguaina] PHP   1. {main}() /usr/share/nginx/html/prova/Questao3.php:0
[27-Sep-2020 13:17:25 America/Araguaina] PHP Parse error:  syntax error, unexpected '}' in /usr/share/nginx/html/prova/Questao3.php on line 35
[27-Sep-2020 13:31:26 America/Araguaina] PHP Notice:  Undefined variable: inputArray in /usr/share/nginx/html/prova/Questao3.php on line 36
[27-Sep-2020 13:31:26 America/Araguaina] PHP Stack trace:
[27-Sep-2020 13:31:26 America/Araguaina] PHP   1. {main}() /usr/share/nginx/html/prova/Questao3.php:0
[27-Sep-2020 14:28:07 America/Araguaina] PHP Notice:  Undefined variable: produto5 in /usr/share/nginx/html/prova/Questao3.php on line 47
[27-Sep-2020 14:28:07 America/Araguaina] PHP Stack trace:
[27-Sep-2020 14:28:07 America/Araguaina] PHP   1. {main}() /usr/share/nginx/html/prova/Questao3.php:0
[27-Sep-2020 14:28:07 America/Araguaina] PHP Notice:  Undefined variable: produto4 in /usr/share/nginx/html/prova/Questao3.php on line 47
[27-Sep-2020 14:28:07 America/Araguaina] PHP Stack trace:
[27-Sep-2020 14:28:07 America/Araguaina] PHP   1. {main}() /usr/share/nginx/html/prova/Questao3.php:0
[27-Sep-2020 14:28:19 America/Araguaina] PHP Notice:  Undefined variable: produto5 in /usr/share/nginx/html/prova/Questao3.php on line 47
[27-Sep-2020 14:28:19 America/Araguaina] PHP Stack trace:
[27-Sep-2020 14:28:19 America/Araguaina] PHP   1. {main}() /usr/share/nginx/html/prova/Questao3.php:0
[27-Sep-2020 14:28:19 America/Araguaina] PHP Notice:  Undefined variable: produto4 in /usr/share/nginx/html/prova/Questao3.php on line 47
[27-Sep-2020 14:28:19 America/Araguaina] PHP Stack trace:
[27-Sep-2020 14:28:19 America/Araguaina] PHP   1. {main}() /usr/share/nginx/html/prova/Questao3.php:0
[27-Sep-2020 14:28:29 America/Araguaina] PHP Parse error:  syntax error, unexpected end of file in /usr/share/nginx/html/prova/Questao3.php on line 54
[27-Sep-2020 14:29:07 America/Araguaina] PHP Fatal error:  Uncaught ArgumentCountError: Too few arguments to function adjacentElementsProduct(), 0 passed in /usr/share/nginx/html/prova/Questao3.php on line 55 and exactly 1 expected in /usr/share/nginx/html/prova/Questao3.php:18
Stack trace:
#0 /usr/share/nginx/html/prova/Questao3.php(55): adjacentElementsProduct()
#1 {main}
  thrown in /usr/share/nginx/html/prova/Questao3.php on line 18
[27-Sep-2020 14:31:23 America/Araguaina] PHP Fatal error:  Uncaught Error: Unsupported operand types in /usr/share/nginx/html/prova/Questao3.php:30
Stack trace:
#0 /usr/share/nginx/html/prova/Questao3.php(55): adjacentElementsProduct()
#1 {main}
  thrown in /usr/share/nginx/html/prova/Questao3.php on line 30
[27-Sep-2020 14:31:54 America/Araguaina] PHP Fatal error:  Uncaught Error: Unsupported operand types in /usr/share/nginx/html/prova/Questao3.php:30
Stack trace:
#0 /usr/share/nginx/html/prova/Questao3.php(55): adjacentElementsProduct()
#1 {main}
  thrown in /usr/share/nginx/html/prova/Questao3.php on line 30
[27-Sep-2020 15:03:15 America/Araguaina] PHP Parse error:  syntax error, unexpected 'echo' (T_ECHO) in /usr/share/nginx/html/prova/Questao10.php on line 24
[27-Sep-2020 15:03:37 America/Araguaina] PHP Notice:  Undefined variable: inputString in /usr/share/nginx/html/prova/Questao10.php on line 27
[27-Sep-2020 15:03:37 America/Araguaina] PHP Stack trace:
[27-Sep-2020 15:03:37 America/Araguaina] PHP   1. {main}() /usr/share/nginx/html/prova/Questao10.php:0
[27-Sep-2020 15:06:30 America/Araguaina] PHP Parse error:  syntax error, unexpected end of file, expecting variable (T_VARIABLE) or ${ (T_DOLLAR_OPEN_CURLY_BRACES) or {$ (T_CURLY_OPEN) in /usr/share/nginx/html/prova/Questao10.php on line 27
[27-Sep-2020 15:16:54 America/Araguaina] PHP Fatal error:  Uncaught Error: Call to undefined function  Oi() in /usr/share/nginx/html/prova/Questao10.php:23
Stack trace:
#0 /usr/share/nginx/html/prova/Questao10.php(28): reverseInParentheses()
#1 {main}
  thrown in /usr/share/nginx/html/prova/Questao10.php on line 23
[27-Sep-2020 15:16:55 America/Araguaina] PHP Fatal error:  Uncaught Error: Call to undefined function  Oi() in /usr/share/nginx/html/prova/Questao10.php:23
Stack trace:
#0 /usr/share/nginx/html/prova/Questao10.php(28): reverseInParentheses()
#1 {main}
  thrown in /usr/share/nginx/html/prova/Questao10.php on line 23
[27-Sep-2020 15:29:57 America/Araguaina] PHP Notice:  Array to string conversion in /usr/share/nginx/html/prova/Questao10.php on line 27
[27-Sep-2020 15:29:57 America/Araguaina] PHP Stack trace:
[27-Sep-2020 15:29:57 America/Araguaina] PHP   1. {main}() /usr/share/nginx/html/prova/Questao10.php:0
[27-Sep-2020 15:29:57 America/Araguaina] PHP   2. reverseInParentheses() /usr/share/nginx/html/prova/Questao10.php:34
[27-Sep-2020 15:58:40 America/Araguaina] PHP Notice:  Undefined variable: inputstring in /usr/share/nginx/html/prova/Questao10.php on line 31
[27-Sep-2020 15:58:40 America/Araguaina] PHP Stack trace:
[27-Sep-2020 15:58:40 America/Araguaina] PHP   1. {main}() /usr/share/nginx/html/prova/Questao10.php:0
[27-Sep-2020 15:58:41 America/Araguaina] PHP Notice:  Undefined variable: inputstring in /usr/share/nginx/html/prova/Questao10.php on line 31
[27-Sep-2020 15:58:41 America/Araguaina] PHP Stack trace:
[27-Sep-2020 15:58:41 America/Araguaina] PHP   1. {main}() /usr/share/nginx/html/prova/Questao10.php:0
[27-Sep-2020 17:05:40 America/Araguaina] PHP Warning:  A non-numeric value encountered in /usr/share/nginx/html/prova/Questao10.php on line 23
[27-Sep-2020 17:05:40 America/Araguaina] PHP Stack trace:
[27-Sep-2020 17:05:40 America/Araguaina] PHP   1. {main}() /usr/share/nginx/html/prova/Questao10.php:0
[27-Sep-2020 17:05:40 America/Araguaina] PHP   2. reverseInParentheses() /usr/share/nginx/html/prova/Questao10.php:31
[27-Sep-2020 17:05:40 America/Araguaina] PHP Fatal error:  Uncaught Error: Unsupported operand types in /usr/share/nginx/html/prova/Questao10.php:23
Stack trace:
#0 /usr/share/nginx/html/prova/Questao10.php(31): reverseInParentheses()
#1 {main}
  thrown in /usr/share/nginx/html/prova/Questao10.php on line 23
[27-Sep-2020 17:09:13 America/Araguaina] PHP Parse error:  syntax error, unexpected ';' in /usr/share/nginx/html/prova/Questao10.php on line 23
[27-Sep-2020 17:12:38 America/Araguaina] PHP Parse error:  syntax error, unexpected 'strrev' (T_STRING), expecting ';' or ',' in /usr/share/nginx/html/prova/Questao10.php on line 27
[27-Sep-2020 18:39:32 America/Araguaina] PHP Notice:  Undefined variable: inputString in /usr/share/nginx/html/prova/Questao2.php on line 34
[27-Sep-2020 18:39:32 America/Araguaina] PHP Stack trace:
[27-Sep-2020 18:39:32 America/Araguaina] PHP   1. {main}() /usr/share/nginx/html/prova/Questao2.php:0
[27-Sep-2020 18:39:36 America/Araguaina] PHP Notice:  Undefined variable: inputString in /usr/share/nginx/html/prova/Questao2.php on line 34
[27-Sep-2020 18:39:36 America/Araguaina] PHP Stack trace:
[27-Sep-2020 18:39:36 America/Araguaina] PHP   1. {main}() /usr/share/nginx/html/prova/Questao2.php:0
[27-Sep-2020 18:39:37 America/Araguaina] PHP Notice:  Undefined variable: inputString in /usr/share/nginx/html/prova/Questao2.php on line 34
[27-Sep-2020 18:39:37 America/Araguaina] PHP Stack trace:
[27-Sep-2020 18:39:37 America/Araguaina] PHP   1. {main}() /usr/share/nginx/html/prova/Questao2.php:0
[27-Sep-2020 19:24:23 America/Araguaina] PHP Fatal error:  Uncaught Error: Unsupported operand types in /usr/share/nginx/html/prova/Questao3.php:30
Stack trace:
#0 /usr/share/nginx/html/prova/Questao3.php(53): adjacentElementsProduct()
#1 {main}
  thrown in /usr/share/nginx/html/prova/Questao3.php on line 30
[27-Sep-2020 19:33:47 America/Araguaina] PHP Fatal error:  Uncaught Error: Unsupported operand types in /usr/share/nginx/html/prova/Questao3.php:29
Stack trace:
#0 /usr/share/nginx/html/prova/Questao3.php(52): adjacentElementsProduct()
#1 {main}
  thrown in /usr/share/nginx/html/prova/Questao3.php on line 29
[27-Sep-2020 20:23:19 America/Araguaina] PHP Warning:  array_product() expects exactly 1 parameter, 2 given in /usr/share/nginx/html/prova/Questao3.php on line 29
[27-Sep-2020 20:23:19 America/Araguaina] PHP Stack trace:
[27-Sep-2020 20:23:19 America/Araguaina] PHP   1. {main}() /usr/share/nginx/html/prova/Questao3.php:0
[27-Sep-2020 20:23:19 America/Araguaina] PHP   2. adjacentElementsProduct() /usr/share/nginx/html/prova/Questao3.php:53
[27-Sep-2020 20:23:19 America/Araguaina] PHP   3. array_product() /usr/share/nginx/html/prova/Questao3.php:29
[27-Sep-2020 20:23:19 America/Araguaina] PHP Warning:  array_product() expects exactly 1 parameter, 2 given in /usr/share/nginx/html/prova/Questao3.php on line 30
[27-Sep-2020 20:23:19 America/Araguaina] PHP Stack trace:
[27-Sep-2020 20:23:19 America/Araguaina] PHP   1. {main}() /usr/share/nginx/html/prova/Questao3.php:0
[27-Sep-2020 20:23:19 America/Araguaina] PHP   2. adjacentElementsProduct() /usr/share/nginx/html/prova/Questao3.php:53
[27-Sep-2020 20:23:19 America/Araguaina] PHP   3. array_product() /usr/share/nginx/html/prova/Questao3.php:30
[27-Sep-2020 20:23:19 America/Araguaina] PHP Warning:  array_product() expects exactly 1 parameter, 2 given in /usr/share/nginx/html/prova/Questao3.php on line 31
[27-Sep-2020 20:23:19 America/Araguaina] PHP Stack trace:
[27-Sep-2020 20:23:19 America/Araguaina] PHP   1. {main}() /usr/share/nginx/html/prova/Questao3.php:0
[27-Sep-2020 20:23:19 America/Araguaina] PHP   2. adjacentElementsProduct() /usr/share/nginx/html/prova/Questao3.php:53
[27-Sep-2020 20:23:19 America/Araguaina] PHP   3. array_product() /usr/share/nginx/html/prova/Questao3.php:31
[27-Sep-2020 20:23:19 America/Araguaina] PHP Warning:  array_product() expects exactly 1 parameter, 2 given in /usr/share/nginx/html/prova/Questao3.php on line 32
[27-Sep-2020 20:23:19 America/Araguaina] PHP Stack trace:
[27-Sep-2020 20:23:19 America/Araguaina] PHP   1. {main}() /usr/share/nginx/html/prova/Questao3.php:0
[27-Sep-2020 20:23:19 America/Araguaina] PHP   2. adjacentElementsProduct() /usr/share/nginx/html/prova/Questao3.php:53
[27-Sep-2020 20:23:19 America/Araguaina] PHP   3. array_product() /usr/share/nginx/html/prova/Questao3.php:32
[27-Sep-2020 20:23:19 America/Araguaina] PHP Warning:  array_product() expects exactly 1 parameter, 2 given in /usr/share/nginx/html/prova/Questao3.php on line 33
[27-Sep-2020 20:23:19 America/Araguaina] PHP Stack trace:
[27-Sep-2020 20:23:19 America/Araguaina] PHP   1. {main}() /usr/share/nginx/html/prova/Questao3.php:0
[27-Sep-2020 20:23:19 America/Araguaina] PHP   2. adjacentElementsProduct() /usr/share/nginx/html/prova/Questao3.php:53
[27-Sep-2020 20:23:19 America/Araguaina] PHP   3. array_product() /usr/share/nginx/html/prova/Questao3.php:33
[27-Sep-2020 20:23:19 America/Araguaina] PHP Warning:  array_product() expects exactly 1 parameter, 2 given in /usr/share/nginx/html/prova/Questao3.php on line 36
[27-Sep-2020 20:23:19 America/Araguaina] PHP Stack trace:
[27-Sep-2020 20:23:19 America/Araguaina] PHP   1. {main}() /usr/share/nginx/html/prova/Questao3.php:0
[27-Sep-2020 20:23:19 America/Araguaina] PHP   2. adjacentElementsProduct() /usr/share/nginx/html/prova/Questao3.php:53
[27-Sep-2020 20:23:19 America/Araguaina] PHP   3. array_product() /usr/share/nginx/html/prova/Questao3.php:36
[27-Sep-2020 20:23:19 America/Araguaina] PHP Warning:  array_product() expects exactly 1 parameter, 2 given in /usr/share/nginx/html/prova/Questao3.php on line 36
[27-Sep-2020 20:23:19 America/Araguaina] PHP Stack trace:
[27-Sep-2020 20:23:19 America/Araguaina] PHP   1. {main}() /usr/share/nginx/html/prova/Questao3.php:0
[27-Sep-2020 20:23:19 America/Araguaina] PHP   2. adjacentElementsProduct() /usr/share/nginx/html/prova/Questao3.php:53
[27-Sep-2020 20:23:19 America/Araguaina] PHP   3. array_product() /usr/share/nginx/html/prova/Questao3.php:36
[27-Sep-2020 20:23:19 America/Araguaina] PHP Warning:  array_product() expects exactly 1 parameter, 2 given in /usr/share/nginx/html/prova/Questao3.php on line 39
[27-Sep-2020 20:23:19 America/Araguaina] PHP Stack trace:
[27-Sep-2020 20:23:19 America/Araguaina] PHP   1. {main}() /usr/share/nginx/html/prova/Questao3.php:0
[27-Sep-2020 20:23:19 America/Araguaina] PHP   2. adjacentElementsProduct() /usr/share/nginx/html/prova/Questao3.php:53
[27-Sep-2020 20:23:19 America/Araguaina] PHP   3. array_product() /usr/share/nginx/html/prova/Questao3.php:39
[27-Sep-2020 20:23:19 America/Araguaina] PHP Warning:  array_product() expects exactly 1 parameter, 2 given in /usr/share/nginx/html/prova/Questao3.php on line 39
[27-Sep-2020 20:23:19 America/Araguaina] PHP Stack trace:
[27-Sep-2020 20:23:19 America/Araguaina] PHP   1. {main}() /usr/share/nginx/html/prova/Questao3.php:0
[27-Sep-2020 20:23:19 America/Araguaina] PHP   2. adjacentElementsProduct() /usr/share/nginx/html/prova/Questao3.php:53
[27-Sep-2020 20:23:19 America/Araguaina] PHP   3. array_product() /usr/share/nginx/html/prova/Questao3.php:39
[27-Sep-2020 20:23:46 America/Araguaina] PHP Warning:  array_product() expects exactly 1 parameter, 2 given in /usr/share/nginx/html/prova/Questao3.php on line 29
[27-Sep-2020 20:23:46 America/Araguaina] PHP Stack trace:
[27-Sep-2020 20:23:46 America/Araguaina] PHP   1. {main}() /usr/share/nginx/html/prova/Questao3.php:0
[27-Sep-2020 20:23:46 America/Araguaina] PHP   2. adjacentElementsProduct() /usr/share/nginx/html/prova/Questao3.php:53
[27-Sep-2020 20:23:46 America/Araguaina] PHP   3. array_product() /usr/share/nginx/html/prova/Questao3.php:29
[27-Sep-2020 20:23:46 America/Araguaina] PHP Warning:  array_product() expects exactly 1 parameter, 2 given in /usr/share/nginx/html/prova/Questao3.php on line 30
[27-Sep-2020 20:23:46 America/Araguaina] PHP Stack trace:
[27-Sep-2020 20:23:46 America/Araguaina] PHP   1. {main}() /usr/share/nginx/html/prova/Questao3.php:0
[27-Sep-2020 20:23:46 America/Araguaina] PHP   2. adjacentElementsProduct() /usr/share/nginx/html/prova/Questao3.php:53
[27-Sep-2020 20:23:46 America/Araguaina] PHP   3. array_product() /usr/share/nginx/html/prova/Questao3.php:30
[27-Sep-2020 20:23:46 America/Araguaina] PHP Warning:  array_product() expects exactly 1 parameter, 2 given in /usr/share/nginx/html/prova/Questao3.php on line 31
[27-Sep-2020 20:23:46 America/Araguaina] PHP Stack trace:
[27-Sep-2020 20:23:46 America/Araguaina] PHP   1. {main}() /usr/share/nginx/html/prova/Questao3.php:0
[27-Sep-2020 20:23:46 America/Araguaina] PHP   2. adjacentElementsProduct() /usr/share/nginx/html/prova/Questao3.php:53
[27-Sep-2020 20:23:46 America/Araguaina] PHP   3. array_product() /usr/share/nginx/html/prova/Questao3.php:31
[27-Sep-2020 20:23:46 America/Araguaina] PHP Warning:  array_product() expects exactly 1 parameter, 2 given in /usr/share/nginx/html/prova/Questao3.php on line 32
[27-Sep-2020 20:23:46 America/Araguaina] PHP Stack trace:
[27-Sep-2020 20:23:46 America/Araguaina] PHP   1. {main}() /usr/share/nginx/html/prova/Questao3.php:0
[27-Sep-2020 20:23:46 America/Araguaina] PHP   2. adjacentElementsProduct() /usr/share/nginx/html/prova/Questao3.php:53
[27-Sep-2020 20:23:46 America/Araguaina] PHP   3. array_product() /usr/share/nginx/html/prova/Questao3.php:32
[27-Sep-2020 20:23:46 America/Araguaina] PHP Warning:  array_product() expects exactly 1 parameter, 2 given in /usr/share/nginx/html/prova/Questao3.php on line 33
[27-Sep-2020 20:23:46 America/Araguaina] PHP Stack trace:
[27-Sep-2020 20:23:46 America/Araguaina] PHP   1. {main}() /usr/share/nginx/html/prova/Questao3.php:0
[27-Sep-2020 20:23:46 America/Araguaina] PHP   2. adjacentElementsProduct() /usr/share/nginx/html/prova/Questao3.php:53
[27-Sep-2020 20:23:46 America/Araguaina] PHP   3. array_product() /usr/share/nginx/html/prova/Questao3.php:33
[27-Sep-2020 20:23:46 America/Araguaina] PHP Warning:  array_product() expects exactly 1 parameter, 2 given in /usr/share/nginx/html/prova/Questao3.php on line 36
[27-Sep-2020 20:23:46 America/Araguaina] PHP Stack trace:
[27-Sep-2020 20:23:46 America/Araguaina] PHP   1. {main}() /usr/share/nginx/html/prova/Questao3.php:0
[27-Sep-2020 20:23:46 America/Araguaina] PHP   2. adjacentElementsProduct() /usr/share/nginx/html/prova/Questao3.php:53
[27-Sep-2020 20:23:46 America/Araguaina] PHP   3. array_product() /usr/share/nginx/html/prova/Questao3.php:36
[27-Sep-2020 20:23:46 America/Araguaina] PHP Warning:  array_product() expects exactly 1 parameter, 2 given in /usr/share/nginx/html/prova/Questao3.php on line 36
[27-Sep-2020 20:23:46 America/Araguaina] PHP Stack trace:
[27-Sep-2020 20:23:46 America/Araguaina] PHP   1. {main}() /usr/share/nginx/html/prova/Questao3.php:0
[27-Sep-2020 20:23:46 America/Araguaina] PHP   2. adjacentElementsProduct() /usr/share/nginx/html/prova/Questao3.php:53
[27-Sep-2020 20:23:46 America/Araguaina] PHP   3. array_product() /usr/share/nginx/html/prova/Questao3.php:36
[27-Sep-2020 20:23:46 America/Araguaina] PHP Warning:  array_product() expects exactly 1 parameter, 2 given in /usr/share/nginx/html/prova/Questao3.php on line 39
[27-Sep-2020 20:23:46 America/Araguaina] PHP Stack trace:
[27-Sep-2020 20:23:46 America/Araguaina] PHP   1. {main}() /usr/share/nginx/html/prova/Questao3.php:0
[27-Sep-2020 20:23:46 America/Araguaina] PHP   2. adjacentElementsProduct() /usr/share/nginx/html/prova/Questao3.php:53
[27-Sep-2020 20:23:46 America/Araguaina] PHP   3. array_product() /usr/share/nginx/html/prova/Questao3.php:39
[27-Sep-2020 20:23:46 America/Araguaina] PHP Warning:  array_product() expects exactly 1 parameter, 2 given in /usr/share/nginx/html/prova/Questao3.php on line 39
[27-Sep-2020 20:23:46 America/Araguaina] PHP Stack trace:
[27-Sep-2020 20:23:46 America/Araguaina] PHP   1. {main}() /usr/share/nginx/html/prova/Questao3.php:0
[27-Sep-2020 20:23:46 America/Araguaina] PHP   2. adjacentElementsProduct() /usr/share/nginx/html/prova/Questao3.php:53
[27-Sep-2020 20:23:46 America/Araguaina] PHP   3. array_product() /usr/share/nginx/html/prova/Questao3.php:39
[27-Sep-2020 20:35:18 America/Araguaina] PHP Warning:  array_product() expects exactly 1 parameter, 2 given in /usr/share/nginx/html/prova/Questao3.php on line 29
[27-Sep-2020 20:35:18 America/Araguaina] PHP Stack trace:
[27-Sep-2020 20:35:18 America/Araguaina] PHP   1. {main}() /usr/share/nginx/html/prova/Questao3.php:0
[27-Sep-2020 20:35:18 America/Araguaina] PHP   2. adjacentElementsProduct() /usr/share/nginx/html/prova/Questao3.php:53
[27-Sep-2020 20:35:18 America/Araguaina] PHP   3. array_product() /usr/share/nginx/html/prova/Questao3.php:29
[27-Sep-2020 20:35:18 America/Araguaina] PHP Warning:  array_product() expects exactly 1 parameter, 2 given in /usr/share/nginx/html/prova/Questao3.php on line 30
[27-Sep-2020 20:35:18 America/Araguaina] PHP Stack trace:
[27-Sep-2020 20:35:18 America/Araguaina] PHP   1. {main}() /usr/share/nginx/html/prova/Questao3.php:0
[27-Sep-2020 20:35:18 America/Araguaina] PHP   2. adjacentElementsProduct() /usr/share/nginx/html/prova/Questao3.php:53
[27-Sep-2020 20:35:18 America/Araguaina] PHP   3. array_product() /usr/share/nginx/html/prova/Questao3.php:30
[27-Sep-2020 20:35:18 America/Araguaina] PHP Warning:  array_product() expects exactly 1 parameter, 2 given in /usr/share/nginx/html/prova/Questao3.php on line 31
[27-Sep-2020 20:35:18 America/Araguaina] PHP Stack trace:
[27-Sep-2020 20:35:18 America/Araguaina] PHP   1. {main}() /usr/share/nginx/html/prova/Questao3.php:0
[27-Sep-2020 20:35:18 America/Araguaina] PHP   2. adjacentElementsProduct() /usr/share/nginx/html/prova/Questao3.php:53
[27-Sep-2020 20:35:18 America/Araguaina] PHP   3. array_product() /usr/share/nginx/html/prova/Questao3.php:31
[27-Sep-2020 20:35:18 America/Araguaina] PHP Warning:  array_product() expects exactly 1 parameter, 2 given in /usr/share/nginx/html/prova/Questao3.php on line 32
[27-Sep-2020 20:35:18 America/Araguaina] PHP Stack trace:
[27-Sep-2020 20:35:18 America/Araguaina] PHP   1. {main}() /usr/share/nginx/html/prova/Questao3.php:0
[27-Sep-2020 20:35:18 America/Araguaina] PHP   2. adjacentElementsProduct() /usr/share/nginx/html/prova/Questao3.php:53
[27-Sep-2020 20:35:18 America/Araguaina] PHP   3. array_product() /usr/share/nginx/html/prova/Questao3.php:32
[27-Sep-2020 20:35:18 America/Araguaina] PHP Warning:  array_product() expects exactly 1 parameter, 2 given in /usr/share/nginx/html/prova/Questao3.php on line 33
[27-Sep-2020 20:35:18 America/Araguaina] PHP Stack trace:
[27-Sep-2020 20:35:18 America/Araguaina] PHP   1. {main}() /usr/share/nginx/html/prova/Questao3.php:0
[27-Sep-2020 20:35:18 America/Araguaina] PHP   2. adjacentElementsProduct() /usr/share/nginx/html/prova/Questao3.php:53
[27-Sep-2020 20:35:18 America/Araguaina] PHP   3. array_product() /usr/share/nginx/html/prova/Questao3.php:33
[27-Sep-2020 20:35:18 America/Araguaina] PHP Warning:  array_product() expects exactly 1 parameter, 2 given in /usr/share/nginx/html/prova/Questao3.php on line 36
[27-Sep-2020 20:35:18 America/Araguaina] PHP Stack trace:
[27-Sep-2020 20:35:18 America/Araguaina] PHP   1. {main}() /usr/share/nginx/html/prova/Questao3.php:0
[27-Sep-2020 20:35:18 America/Araguaina] PHP   2. adjacentElementsProduct() /usr/share/nginx/html/prova/Questao3.php:53
[27-Sep-2020 20:35:18 America/Araguaina] PHP   3. array_product() /usr/share/nginx/html/prova/Questao3.php:36
[27-Sep-2020 20:35:18 America/Araguaina] PHP Warning:  array_product() expects exactly 1 parameter, 2 given in /usr/share/nginx/html/prova/Questao3.php on line 36
[27-Sep-2020 20:35:18 America/Araguaina] PHP Stack trace:
[27-Sep-2020 20:35:18 America/Araguaina] PHP   1. {main}() /usr/share/nginx/html/prova/Questao3.php:0
[27-Sep-2020 20:35:18 America/Araguaina] PHP   2. adjacentElementsProduct() /usr/share/nginx/html/prova/Questao3.php:53
[27-Sep-2020 20:35:18 America/Araguaina] PHP   3. array_product() /usr/share/nginx/html/prova/Questao3.php:36
[27-Sep-2020 20:35:18 America/Araguaina] PHP Warning:  array_product() expects exactly 1 parameter, 2 given in /usr/share/nginx/html/prova/Questao3.php on line 39
[27-Sep-2020 20:35:18 America/Araguaina] PHP Stack trace:
[27-Sep-2020 20:35:18 America/Araguaina] PHP   1. {main}() /usr/share/nginx/html/prova/Questao3.php:0
[27-Sep-2020 20:35:18 America/Araguaina] PHP   2. adjacentElementsProduct() /usr/share/nginx/html/prova/Questao3.php:53
[27-Sep-2020 20:35:18 America/Araguaina] PHP   3. array_product() /usr/share/nginx/html/prova/Questao3.php:39
[27-Sep-2020 20:35:18 America/Araguaina] PHP Warning:  array_product() expects exactly 1 parameter, 2 given in /usr/share/nginx/html/prova/Questao3.php on line 39
[27-Sep-2020 20:35:18 America/Araguaina] PHP Stack trace:
[27-Sep-2020 20:35:18 America/Araguaina] PHP   1. {main}() /usr/share/nginx/html/prova/Questao3.php:0
[27-Sep-2020 20:35:19 America/Araguaina] PHP   2. adjacentElementsProduct() /usr/share/nginx/html/prova/Questao3.php:53
[27-Sep-2020 20:35:19 America/Araguaina] PHP   3. array_product() /usr/share/nginx/html/prova/Questao3.php:39
[28-Sep-2020 20:02:28 America/Araguaina] PHP Parse error:  syntax error, unexpected 'if' (T_IF) in /usr/share/nginx/html/prova/Questao2.php on line 23
[28-Sep-2020 20:02:28 America/Araguaina] PHP Parse error:  syntax error, unexpected 'if' (T_IF) in /usr/share/nginx/html/prova/Questao2.php on line 23
[28-Sep-2020 20:28:38 America/Araguaina] PHP Notice:  Undefined variable: variable in /usr/share/nginx/html/prova/Questao3.php on line 25
[28-Sep-2020 20:28:38 America/Araguaina] PHP Stack trace:
[28-Sep-2020 20:28:39 America/Araguaina] PHP   1. {main}() /usr/share/nginx/html/prova/Questao3.php:0
[28-Sep-2020 20:28:39 America/Araguaina] PHP   2. adjacentElementsProduct() /usr/share/nginx/html/prova/Questao3.php:34
[28-Sep-2020 20:28:39 America/Araguaina] PHP Notice:  Undefined variable: variable in /usr/share/nginx/html/prova/Questao3.php on line 25
[28-Sep-2020 20:28:39 America/Araguaina] PHP Stack trace:
[28-Sep-2020 20:28:39 America/Araguaina] PHP   1. {main}() /usr/share/nginx/html/prova/Questao3.php:0
[28-Sep-2020 20:28:39 America/Araguaina] PHP   2. adjacentElementsProduct() /usr/share/nginx/html/prova/Questao3.php:34
[28-Sep-2020 21:20:59 America/Araguaina] PHP Notice:  Undefined variable: variable in /usr/share/nginx/html/prova/Questao3.php on line 26
[28-Sep-2020 21:20:59 America/Araguaina] PHP Stack trace:
[28-Sep-2020 21:20:59 America/Araguaina] PHP   1. {main}() /usr/share/nginx/html/prova/Questao3.php:0
[28-Sep-2020 21:20:59 America/Araguaina] PHP   2. adjacentElementsProduct() /usr/share/nginx/html/prova/Questao3.php:35
[28-Sep-2020 21:21:00 America/Araguaina] PHP Notice:  Undefined variable: variable in /usr/share/nginx/html/prova/Questao3.php on line 26
[28-Sep-2020 21:21:00 America/Araguaina] PHP Stack trace:
[28-Sep-2020 21:21:00 America/Araguaina] PHP   1. {main}() /usr/share/nginx/html/prova/Questao3.php:0
[28-Sep-2020 21:21:00 America/Araguaina] PHP   2. adjacentElementsProduct() /usr/share/nginx/html/prova/Questao3.php:35
[28-Sep-2020 21:21:00 America/Araguaina] PHP Notice:  Undefined variable: variable in /usr/share/nginx/html/prova/Questao3.php on line 26
[28-Sep-2020 21:21:00 America/Araguaina] PHP Stack trace:
[28-Sep-2020 21:21:00 America/Araguaina] PHP   1. {main}() /usr/share/nginx/html/prova/Questao3.php:0
[28-Sep-2020 21:21:00 America/Araguaina] PHP   2. adjacentElementsProduct() /usr/share/nginx/html/prova/Questao3.php:35
[28-Sep-2020 21:31:16 America/Araguaina] PHP Parse error:  syntax error, unexpected 'as' (T_AS) in /usr/share/nginx/html/prova/Questao3.php on line 22
[28-Sep-2020 21:31:17 America/Araguaina] PHP Parse error:  syntax error, unexpected 'as' (T_AS) in /usr/share/nginx/html/prova/Questao3.php on line 22
[28-Sep-2020 21:31:18 America/Araguaina] PHP Parse error:  syntax error, unexpected 'as' (T_AS) in /usr/share/nginx/html/prova/Questao3.php on line 22
[28-Sep-2020 21:32:06 America/Araguaina] PHP Parse error:  syntax error, unexpected 'as' (T_AS) in /usr/share/nginx/html/prova/Questao3.php on line 23
[28-Sep-2020 21:32:15 America/Araguaina] PHP Parse error:  syntax error, unexpected 'as' (T_AS) in /usr/share/nginx/html/prova/Questao3.php on line 24
[28-Sep-2020 21:32:23 America/Araguaina] PHP Parse error:  syntax error, unexpected 'as' (T_AS) in /usr/share/nginx/html/prova/Questao3.php on line 24
[28-Sep-2020 21:32:24 America/Araguaina] PHP Parse error:  syntax error, unexpected 'as' (T_AS) in /usr/share/nginx/html/prova/Questao3.php on line 24
[28-Sep-2020 21:32:25 America/Araguaina] PHP Parse error:  syntax error, unexpected 'as' (T_AS) in /usr/share/nginx/html/prova/Questao3.php on line 24
[28-Sep-2020 21:32:33 America/Araguaina] PHP Parse error:  syntax error, unexpected 'as' (T_AS) in /usr/share/nginx/html/prova/Questao3.php on line 24
[28-Sep-2020 21:32:34 America/Araguaina] PHP Parse error:  syntax error, unexpected 'as' (T_AS) in /usr/share/nginx/html/prova/Questao3.php on line 24
[28-Sep-2020 21:33:12 America/Araguaina] PHP Parse error:  syntax error, unexpected 'as' (T_AS) in /usr/share/nginx/html/prova/Questao3.php on line 24
[28-Sep-2020 21:33:12 America/Araguaina] PHP Parse error:  syntax error, unexpected 'as' (T_AS) in /usr/share/nginx/html/prova/Questao3.php on line 24
[28-Sep-2020 21:33:41 America/Araguaina] PHP Parse error:  syntax error, unexpected 'as' (T_AS) in /usr/share/nginx/html/prova/Questao3.php on line 24
[28-Sep-2020 21:33:48 America/Araguaina] PHP Parse error:  syntax error, unexpected 'as' (T_AS) in /usr/share/nginx/html/prova/Questao3.php on line 24
[28-Sep-2020 21:33:49 America/Araguaina] PHP Parse error:  syntax error, unexpected 'as' (T_AS) in /usr/share/nginx/html/prova/Questao3.php on line 24
[28-Sep-2020 21:33:57 America/Araguaina] PHP Parse error:  syntax error, unexpected '$vetor' (T_VARIABLE), expecting '(' in /usr/share/nginx/html/prova/Questao3.php on line 24
[28-Sep-2020 21:33:58 America/Araguaina] PHP Parse error:  syntax error, unexpected '$vetor' (T_VARIABLE), expecting '(' in /usr/share/nginx/html/prova/Questao3.php on line 24
[28-Sep-2020 21:34:05 America/Araguaina] PHP Parse error:  syntax error, unexpected ')', expecting ';' in /usr/share/nginx/html/prova/Questao3.php on line 23
[28-Sep-2020 21:34:06 America/Araguaina] PHP Parse error:  syntax error, unexpected ')', expecting ';' in /usr/share/nginx/html/prova/Questao3.php on line 23
[28-Sep-2020 21:34:07 America/Araguaina] PHP Parse error:  syntax error, unexpected ')', expecting ';' in /usr/share/nginx/html/prova/Questao3.php on line 23
[28-Sep-2020 21:34:13 America/Araguaina] PHP Parse error:  syntax error, unexpected ')' in /usr/share/nginx/html/prova/Questao3.php on line 25
[28-Sep-2020 21:34:47 America/Araguaina] PHP Parse error:  syntax error, unexpected ')' in /usr/share/nginx/html/prova/Questao3.php on line 25
[28-Sep-2020 21:34:47 America/Araguaina] PHP Parse error:  syntax error, unexpected ')' in /usr/share/nginx/html/prova/Questao3.php on line 25
[28-Sep-2020 21:34:47 America/Araguaina] PHP Parse error:  syntax error, unexpected ')' in /usr/share/nginx/html/prova/Questao3.php on line 25
[28-Sep-2020 21:34:53 America/Araguaina] PHP Parse error:  syntax error, unexpected ')' in /usr/share/nginx/html/prova/Questao3.php on line 25
[28-Sep-2020 21:34:53 America/Araguaina] PHP Parse error:  syntax error, unexpected ')' in /usr/share/nginx/html/prova/Questao3.php on line 25
[28-Sep-2020 21:35:17 America/Araguaina] PHP Parse error:  syntax error, unexpected ')' in /usr/share/nginx/html/prova/Questao3.php on line 25
[28-Sep-2020 21:35:18 America/Araguaina] PHP Parse error:  syntax error, unexpected ')' in /usr/share/nginx/html/prova/Questao3.php on line 25
[28-Sep-2020 21:36:45 America/Araguaina] PHP Parse error:  syntax error, unexpected '}' in /usr/share/nginx/html/prova/Questao3.php on line 25
[28-Sep-2020 21:36:45 America/Araguaina] PHP Parse error:  syntax error, unexpected '}' in /usr/share/nginx/html/prova/Questao3.php on line 25
[28-Sep-2020 21:36:50 America/Araguaina] PHP Parse error:  syntax error, unexpected '}' in /usr/share/nginx/html/prova/Questao3.php on line 25
[28-Sep-2020 21:36:51 America/Araguaina] PHP Parse error:  syntax error, unexpected '}' in /usr/share/nginx/html/prova/Questao3.php on line 25
[28-Sep-2020 21:36:57 America/Araguaina] PHP Parse error:  syntax error, unexpected '}' in /usr/share/nginx/html/prova/Questao3.php on line 25
[28-Sep-2020 21:36:58 America/Araguaina] PHP Parse error:  syntax error, unexpected '}' in /usr/share/nginx/html/prova/Questao3.php on line 25
[28-Sep-2020 21:37:03 America/Araguaina] PHP Parse error:  syntax error, unexpected '}' in /usr/share/nginx/html/prova/Questao3.php on line 25
[28-Sep-2020 21:37:09 America/Araguaina] PHP Parse error:  syntax error, unexpected '}' in /usr/share/nginx/html/prova/Questao3.php on line 25
[28-Sep-2020 21:37:27 America/Araguaina] PHP Parse error:  syntax error, unexpected '}' in /usr/share/nginx/html/prova/Questao3.php on line 25
[28-Sep-2020 21:37:28 America/Araguaina] PHP Parse error:  syntax error, unexpected '}' in /usr/share/nginx/html/prova/Questao3.php on line 25
[28-Sep-2020 21:37:33 America/Araguaina] PHP Parse error:  syntax error, unexpected '}' in /usr/share/nginx/html/prova/Questao3.php on line 25
[28-Sep-2020 21:37:38 America/Araguaina] PHP Parse error:  syntax error, unexpected '}' in /usr/share/nginx/html/prova/Questao3.php on line 25
[28-Sep-2020 21:37:44 America/Araguaina] PHP Parse error:  syntax error, unexpected '}' in /usr/share/nginx/html/prova/Questao3.php on line 25
[28-Sep-2020 21:37:52 America/Araguaina] PHP Parse error:  syntax error, unexpected ')' in /usr/share/nginx/html/prova/Questao3.php on line 25
[28-Sep-2020 21:38:03 America/Araguaina] PHP Parse error:  syntax error, unexpected '}', expecting '(' in /usr/share/nginx/html/prova/Questao3.php on line 26
[28-Sep-2020 21:38:13 America/Araguaina] PHP Parse error:  syntax error, unexpected '}' in /usr/share/nginx/html/prova/Questao3.php on line 26
[28-Sep-2020 21:39:00 America/Araguaina] PHP Parse error:  syntax error, unexpected ')' in /usr/share/nginx/html/prova/Questao3.php on line 25
[28-Sep-2020 21:39:06 America/Araguaina] PHP Parse error:  syntax error, unexpected '}' in /usr/share/nginx/html/prova/Questao3.php on line 26
[28-Sep-2020 21:39:15 America/Araguaina] PHP Parse error:  syntax error, unexpected '}' in /usr/share/nginx/html/prova/Questao3.php on line 26
[28-Sep-2020 21:39:23 America/Araguaina] PHP Parse error:  syntax error, unexpected ')' in /usr/share/nginx/html/prova/Questao3.php on line 26
[28-Sep-2020 21:39:28 America/Araguaina] PHP Parse error:  syntax error, unexpected ')' in /usr/share/nginx/html/prova/Questao3.php on line 27
[28-Sep-2020 21:39:31 America/Araguaina] PHP Parse error:  syntax error, unexpected '}', expecting variable (T_VARIABLE) or '{' or '$' in /usr/share/nginx/html/prova/Questao3.php on line 27
[28-Sep-2020 21:39:38 America/Araguaina] PHP Parse error:  syntax error, unexpected '}' in /usr/share/nginx/html/prova/Questao3.php on line 27
[28-Sep-2020 21:39:39 America/Araguaina] PHP Parse error:  syntax error, unexpected '}' in /usr/share/nginx/html/prova/Questao3.php on line 27
[28-Sep-2020 21:39:44 America/Araguaina] PHP Parse error:  syntax error, unexpected '}', expecting variable (T_VARIABLE) or '{' or '$' in /usr/share/nginx/html/prova/Questao3.php on line 27
[28-Sep-2020 21:39:49 America/Araguaina] PHP Parse error:  syntax error, unexpected ')' in /usr/share/nginx/html/prova/Questao3.php on line 27
[28-Sep-2020 21:39:50 America/Araguaina] PHP Parse error:  syntax error, unexpected ')' in /usr/share/nginx/html/prova/Questao3.php on line 27
[28-Sep-2020 21:40:13 America/Araguaina] PHP Parse error:  syntax error, unexpected ')' in /usr/share/nginx/html/prova/Questao3.php on line 27
[28-Sep-2020 21:40:13 America/Araguaina] PHP Parse error:  syntax error, unexpected ')' in /usr/share/nginx/html/prova/Questao3.php on line 27
[28-Sep-2020 21:40:22 America/Araguaina] PHP Notice:  Undefined variable: count in /usr/share/nginx/html/prova/Questao3.php on line 23
[28-Sep-2020 21:40:22 America/Araguaina] PHP Stack trace:
[28-Sep-2020 21:40:22 America/Araguaina] PHP   1. {main}() /usr/share/nginx/html/prova/Questao3.php:0
[28-Sep-2020 21:40:22 America/Araguaina] PHP   2. adjacentElementsProduct() /usr/share/nginx/html/prova/Questao3.php:39
[28-Sep-2020 21:40:22 America/Araguaina] PHP Fatal error:  Uncaught Error: Function name must be a string in /usr/share/nginx/html/prova/Questao3.php:23
Stack trace:
#0 /usr/share/nginx/html/prova/Questao3.php(39): adjacentElementsProduct()
#1 {main}
  thrown in /usr/share/nginx/html/prova/Questao3.php on line 23
[28-Sep-2020 21:40:22 America/Araguaina] PHP Notice:  Undefined variable: count in /usr/share/nginx/html/prova/Questao3.php on line 23
[28-Sep-2020 21:40:22 America/Araguaina] PHP Notice:  Undefined variable: count in /usr/share/nginx/html/prova/Questao3.php on line 23
[28-Sep-2020 21:40:22 America/Araguaina] PHP Stack trace:
[28-Sep-2020 21:40:22 America/Araguaina] PHP Stack trace:
[28-Sep-2020 21:40:22 America/Araguaina] PHP   1. {main}() /usr/share/nginx/html/prova/Questao3.php:0
[28-Sep-2020 21:40:22 America/Araguaina] PHP   1. {main}() /usr/share/nginx/html/prova/Questao3.php:0
[28-Sep-2020 21:40:22 America/Araguaina] PHP   2. adjacentElementsProduct() /usr/share/nginx/html/prova/Questao3.php:39
[28-Sep-2020 21:40:22 America/Araguaina] PHP   2. adjacentElementsProduct() /usr/share/nginx/html/prova/Questao3.php:39
[28-Sep-2020 21:40:22 America/Araguaina] PHP Fatal error:  Uncaught Error: Function name must be a string in /usr/share/nginx/html/prova/Questao3.php:23
Stack trace:
#0 /usr/share/nginx/html/prova/Questao3.php(39): adjacentElementsProduct()
#1 {main}
  thrown in /usr/share/nginx/html/prova/Questao3.php on line 23
[28-Sep-2020 21:40:22 America/Araguaina] PHP Fatal error:  Uncaught Error: Function name must be a string in /usr/share/nginx/html/prova/Questao3.php:23
Stack trace:
#0 /usr/share/nginx/html/prova/Questao3.php(39): adjacentElementsProduct()
#1 {main}
  thrown in /usr/share/nginx/html/prova/Questao3.php on line 23
[28-Sep-2020 21:40:23 America/Araguaina] PHP Notice:  Undefined variable: count in /usr/share/nginx/html/prova/Questao3.php on line 23
[28-Sep-2020 21:40:23 America/Araguaina] PHP Stack trace:
[28-Sep-2020 21:40:23 America/Araguaina] PHP   1. {main}() /usr/share/nginx/html/prova/Questao3.php:0
[28-Sep-2020 21:40:23 America/Araguaina] PHP Notice:  Undefined variable: count in /usr/share/nginx/html/prova/Questao3.php on line 23
[28-Sep-2020 21:40:23 America/Araguaina] PHP   2. adjacentElementsProduct() /usr/share/nginx/html/prova/Questao3.php:39
[28-Sep-2020 21:40:23 America/Araguaina] PHP Stack trace:
[28-Sep-2020 21:40:23 America/Araguaina] PHP Fatal error:  Uncaught Error: Function name must be a string in /usr/share/nginx/html/prova/Questao3.php:23
Stack trace:
#0 /usr/share/nginx/html/prova/Questao3.php(39): adjacentElementsProduct()
#1 {main}
  thrown in /usr/share/nginx/html/prova/Questao3.php on line 23
[28-Sep-2020 21:40:23 America/Araguaina] PHP   1. {main}() /usr/share/nginx/html/prova/Questao3.php:0
[28-Sep-2020 21:40:23 America/Araguaina] PHP   2. adjacentElementsProduct() /usr/share/nginx/html/prova/Questao3.php:39
[28-Sep-2020 21:40:23 America/Araguaina] PHP Fatal error:  Uncaught Error: Function name must be a string in /usr/share/nginx/html/prova/Questao3.php:23
Stack trace:
#0 /usr/share/nginx/html/prova/Questao3.php(39): adjacentElementsProduct()
#1 {main}
  thrown in /usr/share/nginx/html/prova/Questao3.php on line 23
[28-Sep-2020 21:40:39 America/Araguaina] PHP Notice:  Undefined variable: count in /usr/share/nginx/html/prova/Questao3.php on line 23
[28-Sep-2020 21:40:39 America/Araguaina] PHP Stack trace:
[28-Sep-2020 21:40:39 America/Araguaina] PHP   1. {main}() /usr/share/nginx/html/prova/Questao3.php:0
[28-Sep-2020 21:40:39 America/Araguaina] PHP   2. adjacentElementsProduct() /usr/share/nginx/html/prova/Questao3.php:35
[28-Sep-2020 21:40:39 America/Araguaina] PHP Fatal error:  Uncaught Error: Function name must be a string in /usr/share/nginx/html/prova/Questao3.php:23
Stack trace:
#0 /usr/share/nginx/html/prova/Questao3.php(35): adjacentElementsProduct()
#1 {main}
  thrown in /usr/share/nginx/html/prova/Questao3.php on line 23
[28-Sep-2020 21:40:47 America/Araguaina] PHP Parse error:  syntax error, unexpected '}' in /usr/share/nginx/html/prova/Questao3.php on line 36
[28-Sep-2020 21:41:04 America/Araguaina] PHP Parse error:  syntax error, unexpected '}', expecting ';' or ',' in /usr/share/nginx/html/prova/Questao3.php on line 36
[28-Sep-2020 21:41:04 America/Araguaina] PHP Parse error:  syntax error, unexpected '}', expecting ';' or ',' in /usr/share/nginx/html/prova/Questao3.php on line 36
[28-Sep-2020 21:41:15 America/Araguaina] PHP Parse error:  syntax error, unexpected '/' in /usr/share/nginx/html/prova/Questao3.php on line 30
[28-Sep-2020 21:41:28 America/Araguaina] PHP Parse error:  syntax error, unexpected '}', expecting ';' or ',' in /usr/share/nginx/html/prova/Questao3.php on line 36
[28-Sep-2020 21:41:28 America/Araguaina] PHP Parse error:  syntax error, unexpected '}', expecting ';' or ',' in /usr/share/nginx/html/prova/Questao3.php on line 36
[28-Sep-2020 21:41:38 America/Araguaina] PHP Notice:  Undefined variable: count in /usr/share/nginx/html/prova/Questao3.php on line 23
[28-Sep-2020 21:41:38 America/Araguaina] PHP Stack trace:
[28-Sep-2020 21:41:38 America/Araguaina] PHP   1. {main}() /usr/share/nginx/html/prova/Questao3.php:0
[28-Sep-2020 21:41:38 America/Araguaina] PHP   2. adjacentElementsProduct() /usr/share/nginx/html/prova/Questao3.php:37
[28-Sep-2020 21:41:38 America/Araguaina] PHP Fatal error:  Uncaught Error: Function name must be a string in /usr/share/nginx/html/prova/Questao3.php:23
Stack trace:
#0 /usr/share/nginx/html/prova/Questao3.php(37): adjacentElementsProduct()
#1 {main}
  thrown in /usr/share/nginx/html/prova/Questao3.php on line 23
[28-Sep-2020 21:41:58 America/Araguaina] PHP Notice:  Undefined variable: count in /usr/share/nginx/html/prova/Questao3.php on line 23
[28-Sep-2020 21:41:58 America/Araguaina] PHP Stack trace:
[28-Sep-2020 21:41:58 America/Araguaina] PHP   1. {main}() /usr/share/nginx/html/prova/Questao3.php:0
[28-Sep-2020 21:41:58 America/Araguaina] PHP   2. adjacentElementsProduct() /usr/share/nginx/html/prova/Questao3.php:36
[28-Sep-2020 21:41:58 America/Araguaina] PHP Fatal error:  Uncaught Error: Function name must be a string in /usr/share/nginx/html/prova/Questao3.php:23
Stack trace:
#0 /usr/share/nginx/html/prova/Questao3.php(36): adjacentElementsProduct()
#1 {main}
  thrown in /usr/share/nginx/html/prova/Questao3.php on line 23
[28-Sep-2020 21:41:59 America/Araguaina] PHP Notice:  Undefined variable: count in /usr/share/nginx/html/prova/Questao3.php on line 23
[28-Sep-2020 21:41:59 America/Araguaina] PHP Stack trace:
[28-Sep-2020 21:41:59 America/Araguaina] PHP   1. {main}() /usr/share/nginx/html/prova/Questao3.php:0
[28-Sep-2020 21:41:59 America/Araguaina] PHP   2. adjacentElementsProduct() /usr/share/nginx/html/prova/Questao3.php:36
[28-Sep-2020 21:41:59 America/Araguaina] PHP Fatal error:  Uncaught Error: Function name must be a string in /usr/share/nginx/html/prova/Questao3.php:23
Stack trace:
#0 /usr/share/nginx/html/prova/Questao3.php(36): adjacentElementsProduct()
#1 {main}
  thrown in /usr/share/nginx/html/prova/Questao3.php on line 23
[28-Sep-2020 21:42:09 America/Araguaina] PHP Notice:  Undefined variable: count in /usr/share/nginx/html/prova/Questao3.php on line 23
[28-Sep-2020 21:42:09 America/Araguaina] PHP Stack trace:
[28-Sep-2020 21:42:09 America/Araguaina] PHP   1. {main}() /usr/share/nginx/html/prova/Questao3.php:0
[28-Sep-2020 21:42:09 America/Araguaina] PHP   2. adjacentElementsProduct() /usr/share/nginx/html/prova/Questao3.php:36
[28-Sep-2020 21:42:09 America/Araguaina] PHP Fatal error:  Uncaught Error: Function name must be a string in /usr/share/nginx/html/prova/Questao3.php:23
Stack trace:
#0 /usr/share/nginx/html/prova/Questao3.php(36): adjacentElementsProduct()
#1 {main}
  thrown in /usr/share/nginx/html/prova/Questao3.php on line 23
[28-Sep-2020 21:42:20 America/Araguaina] PHP Notice:  Undefined variable: count in /usr/share/nginx/html/prova/Questao3.php on line 23
[28-Sep-2020 21:42:20 America/Araguaina] PHP Stack trace:
[28-Sep-2020 21:42:20 America/Araguaina] PHP   1. {main}() /usr/share/nginx/html/prova/Questao3.php:0
[28-Sep-2020 21:42:20 America/Araguaina] PHP   2. adjacentElementsProduct() /usr/share/nginx/html/prova/Questao3.php:36
[28-Sep-2020 21:42:20 America/Araguaina] PHP Fatal error:  Uncaught Error: Function name must be a string in /usr/share/nginx/html/prova/Questao3.php:23
Stack trace:
#0 /usr/share/nginx/html/prova/Questao3.php(36): adjacentElementsProduct()
#1 {main}
  thrown in /usr/share/nginx/html/prova/Questao3.php on line 23
[28-Sep-2020 21:42:23 America/Araguaina] PHP Notice:  Undefined variable: count in /usr/share/nginx/html/prova/Questao3.php on line 23
[28-Sep-2020 21:42:23 America/Araguaina] PHP Stack trace:
[28-Sep-2020 21:42:23 America/Araguaina] PHP   1. {main}() /usr/share/nginx/html/prova/Questao3.php:0
[28-Sep-2020 21:42:23 America/Araguaina] PHP   2. adjacentElementsProduct() /usr/share/nginx/html/prova/Questao3.php:36
[28-Sep-2020 21:42:23 America/Araguaina] PHP Fatal error:  Uncaught Error: Function name must be a string in /usr/share/nginx/html/prova/Questao3.php:23
Stack trace:
#0 /usr/share/nginx/html/prova/Questao3.php(36): adjacentElementsProduct()
#1 {main}
  thrown in /usr/share/nginx/html/prova/Questao3.php on line 23
[28-Sep-2020 21:43:21 America/Araguaina] PHP Notice:  Undefined variable: count in /usr/share/nginx/html/prova/Questao3.php on line 23
[28-Sep-2020 21:43:21 America/Araguaina] PHP Stack trace:
[28-Sep-2020 21:43:21 America/Araguaina] PHP   1. {main}() /usr/share/nginx/html/prova/Questao3.php:0
[28-Sep-2020 21:43:21 America/Araguaina] PHP   2. adjacentElementsProduct() /usr/share/nginx/html/prova/Questao3.php:36
[28-Sep-2020 21:43:21 America/Araguaina] PHP Fatal error:  Uncaught Error: Function name must be a string in /usr/share/nginx/html/prova/Questao3.php:23
Stack trace:
#0 /usr/share/nginx/html/prova/Questao3.php(36): adjacentElementsProduct()
#1 {main}
  thrown in /usr/share/nginx/html/prova/Questao3.php on line 23
[28-Sep-2020 21:43:54 America/Araguaina] PHP Notice:  Undefined variable: count in /usr/share/nginx/html/prova/Questao3.php on line 23
[28-Sep-2020 21:43:54 America/Araguaina] PHP Stack trace:
[28-Sep-2020 21:43:54 America/Araguaina] PHP   1. {main}() /usr/share/nginx/html/prova/Questao3.php:0
[28-Sep-2020 21:43:54 America/Araguaina] PHP   2. adjacentElementsProduct() /usr/share/nginx/html/prova/Questao3.php:36
[28-Sep-2020 21:43:54 America/Araguaina] PHP Fatal error:  Uncaught Error: Function name must be a string in /usr/share/nginx/html/prova/Questao3.php:23
Stack trace:
#0 /usr/share/nginx/html/prova/Questao3.php(36): adjacentElementsProduct()
#1 {main}
  thrown in /usr/share/nginx/html/prova/Questao3.php on line 23
[28-Sep-2020 21:44:23 America/Araguaina] PHP Notice:  Undefined variable: count in /usr/share/nginx/html/prova/Questao3.php on line 23
[28-Sep-2020 21:44:23 America/Araguaina] PHP Stack trace:
[28-Sep-2020 21:44:23 America/Araguaina] PHP   1. {main}() /usr/share/nginx/html/prova/Questao3.php:0
[28-Sep-2020 21:44:23 America/Araguaina] PHP   2. adjacentElementsProduct() /usr/share/nginx/html/prova/Questao3.php:36
[28-Sep-2020 21:44:23 America/Araguaina] PHP Fatal error:  Uncaught Error: Function name must be a string in /usr/share/nginx/html/prova/Questao3.php:23
Stack trace:
#0 /usr/share/nginx/html/prova/Questao3.php(36): adjacentElementsProduct()
#1 {main}
  thrown in /usr/share/nginx/html/prova/Questao3.php on line 23
[28-Sep-2020 21:44:46 America/Araguaina] PHP Notice:  Undefined offset: 6 in /usr/share/nginx/html/prova/Questao3.php on line 24
[28-Sep-2020 21:44:46 America/Araguaina] PHP Stack trace:
[28-Sep-2020 21:44:46 America/Araguaina] PHP   1. {main}() /usr/share/nginx/html/prova/Questao3.php:0
[28-Sep-2020 21:44:46 America/Araguaina] PHP   2. adjacentElementsProduct() /usr/share/nginx/html/prova/Questao3.php:36
[28-Sep-2020 21:57:26 America/Araguaina] PHP Notice:  Undefined offset: 6 in /usr/share/nginx/html/prova/Questao3.php on line 24
[28-Sep-2020 21:57:26 America/Araguaina] PHP Stack trace:
[28-Sep-2020 21:57:26 America/Araguaina] PHP   1. {main}() /usr/share/nginx/html/prova/Questao3.php:0
[28-Sep-2020 21:57:26 America/Araguaina] PHP   2. adjacentElementsProduct() /usr/share/nginx/html/prova/Questao3.php:36
[28-Sep-2020 21:57:26 America/Araguaina] PHP Notice:  Array to string conversion in /usr/share/nginx/html/prova/Questao3.php on line 30
[28-Sep-2020 21:57:26 America/Araguaina] PHP Stack trace:
[28-Sep-2020 21:57:26 America/Araguaina] PHP   1. {main}() /usr/share/nginx/html/prova/Questao3.php:0
[28-Sep-2020 21:57:26 America/Araguaina] PHP   2. adjacentElementsProduct() /usr/share/nginx/html/prova/Questao3.php:36
[28-Sep-2020 21:57:27 America/Araguaina] PHP Notice:  Undefined offset: 6 in /usr/share/nginx/html/prova/Questao3.php on line 24
[28-Sep-2020 21:57:27 America/Araguaina] PHP Stack trace:
[28-Sep-2020 21:57:27 America/Araguaina] PHP   1. {main}() /usr/share/nginx/html/prova/Questao3.php:0
[28-Sep-2020 21:57:27 America/Araguaina] PHP   2. adjacentElementsProduct() /usr/share/nginx/html/prova/Questao3.php:36
[28-Sep-2020 21:57:27 America/Araguaina] PHP Notice:  Array to string conversion in /usr/share/nginx/html/prova/Questao3.php on line 30
[28-Sep-2020 21:57:27 America/Araguaina] PHP Stack trace:
[28-Sep-2020 21:57:27 America/Araguaina] PHP   1. {main}() /usr/share/nginx/html/prova/Questao3.php:0
[28-Sep-2020 21:57:27 America/Araguaina] PHP   2. adjacentElementsProduct() /usr/share/nginx/html/prova/Questao3.php:36
[28-Sep-2020 21:57:40 America/Araguaina] PHP Notice:  Undefined offset: 6 in /usr/share/nginx/html/prova/Questao3.php on line 24
[28-Sep-2020 21:57:41 America/Araguaina] PHP Stack trace:
[28-Sep-2020 21:57:41 America/Araguaina] PHP   1. {main}() /usr/share/nginx/html/prova/Questao3.php:0
[28-Sep-2020 21:57:41 America/Araguaina] PHP   2. adjacentElementsProduct() /usr/share/nginx/html/prova/Questao3.php:36
[28-Sep-2020 21:59:53 America/Araguaina] PHP Notice:  Undefined offset: 6 in /usr/share/nginx/html/prova/Questao3.php on line 24
[28-Sep-2020 21:59:53 America/Araguaina] PHP Stack trace:
[28-Sep-2020 21:59:53 America/Araguaina] PHP   1. {main}() /usr/share/nginx/html/prova/Questao3.php:0
[28-Sep-2020 21:59:53 America/Araguaina] PHP   2. adjacentElementsProduct() /usr/share/nginx/html/prova/Questao3.php:36
[28-Sep-2020 21:59:53 America/Araguaina] PHP Notice:  Undefined offset: 6 in /usr/share/nginx/html/prova/Questao3.php on line 24
[28-Sep-2020 21:59:53 America/Araguaina] PHP Stack trace:
[28-Sep-2020 21:59:53 America/Araguaina] PHP   1. {main}() /usr/share/nginx/html/prova/Questao3.php:0
[28-Sep-2020 21:59:53 America/Araguaina] PHP   2. adjacentElementsProduct() /usr/share/nginx/html/prova/Questao3.php:36
[28-Sep-2020 22:00:11 America/Araguaina] PHP Notice:  Undefined offset: 6 in /usr/share/nginx/html/prova/Questao3.php on line 24
[28-Sep-2020 22:00:11 America/Araguaina] PHP Stack trace:
[28-Sep-2020 22:00:11 America/Araguaina] PHP   1. {main}() /usr/share/nginx/html/prova/Questao3.php:0
[28-Sep-2020 22:00:11 America/Araguaina] PHP   2. adjacentElementsProduct() /usr/share/nginx/html/prova/Questao3.php:36
[28-Sep-2020 22:06:45 America/Araguaina] PHP Parse error:  syntax error, unexpected '}' in /usr/share/nginx/html/prova/Questao4.php on line 28
[28-Sep-2020 22:06:56 America/Araguaina] PHP Parse error:  syntax error, unexpected '}' in /usr/share/nginx/html/prova/Questao4.php on line 28
[28-Sep-2020 22:07:20 America/Araguaina] PHP Parse error:  syntax error, unexpected '}', expecting '(' in /usr/share/nginx/html/prova/Questao4.php on line 29
[28-Sep-2020 22:07:22 America/Araguaina] PHP Parse error:  syntax error, unexpected '}', expecting '(' in /usr/share/nginx/html/prova/Questao4.php on line 29
[28-Sep-2020 22:07:22 America/Araguaina] PHP Parse error:  syntax error, unexpected '}', expecting '(' in /usr/share/nginx/html/prova/Questao4.php on line 29
[28-Sep-2020 22:07:26 America/Araguaina] PHP Parse error:  syntax error, unexpected '}', expecting '(' in /usr/share/nginx/html/prova/Questao4.php on line 29
[28-Sep-2020 22:10:36 America/Araguaina] PHP Parse error:  syntax error, unexpected '}', expecting variable (T_VARIABLE) or '{' or '$' in /usr/share/nginx/html/prova/Questao4.php on line 29
[28-Sep-2020 22:10:37 America/Araguaina] PHP Parse error:  syntax error, unexpected '}', expecting variable (T_VARIABLE) or '{' or '$' in /usr/share/nginx/html/prova/Questao4.php on line 29
[28-Sep-2020 22:10:39 America/Araguaina] PHP Parse error:  syntax error, unexpected '}', expecting variable (T_VARIABLE) or '{' or '$' in /usr/share/nginx/html/prova/Questao4.php on line 29
[28-Sep-2020 22:10:39 America/Araguaina] PHP Parse error:  syntax error, unexpected '}', expecting variable (T_VARIABLE) or '{' or '$' in /usr/share/nginx/html/prova/Questao4.php on line 29
[28-Sep-2020 22:10:40 America/Araguaina] PHP Parse error:  syntax error, unexpected '}', expecting variable (T_VARIABLE) or '{' or '$' in /usr/share/nginx/html/prova/Questao4.php on line 29
[28-Sep-2020 22:10:41 America/Araguaina] PHP Parse error:  syntax error, unexpected '}', expecting variable (T_VARIABLE) or '{' or '$' in /usr/share/nginx/html/prova/Questao4.php on line 29
[28-Sep-2020 22:10:44 America/Araguaina] PHP Parse error:  syntax error, unexpected '}', expecting variable (T_VARIABLE) or '{' or '$' in /usr/share/nginx/html/prova/Questao4.php on line 29
[28-Sep-2020 22:10:45 America/Araguaina] PHP Parse error:  syntax error, unexpected '}', expecting '(' in /usr/share/nginx/html/prova/Questao4.php on line 29
[28-Sep-2020 22:10:45 America/Araguaina] PHP Parse error:  syntax error, unexpected '}', expecting '(' in /usr/share/nginx/html/prova/Questao4.php on line 29
[28-Sep-2020 22:10:46 America/Araguaina] PHP Parse error:  syntax error, unexpected '}', expecting '(' in /usr/share/nginx/html/prova/Questao4.php on line 29
[28-Sep-2020 22:10:46 America/Araguaina] PHP Parse error:  syntax error, unexpected '}', expecting '(' in /usr/share/nginx/html/prova/Questao4.php on line 29
[28-Sep-2020 22:10:48 America/Araguaina] PHP Parse error:  syntax error, unexpected '}', expecting '(' in /usr/share/nginx/html/prova/Questao4.php on line 29
[28-Sep-2020 22:10:48 America/Araguaina] PHP Parse error:  syntax error, unexpected '}', expecting '(' in /usr/share/nginx/html/prova/Questao4.php on line 29
[28-Sep-2020 22:10:52 America/Araguaina] PHP Parse error:  syntax error, unexpected '}' in /usr/share/nginx/html/prova/Questao4.php on line 29
[28-Sep-2020 22:10:52 America/Araguaina] PHP Parse error:  syntax error, unexpected '}' in /usr/share/nginx/html/prova/Questao4.php on line 29
[28-Sep-2020 22:12:54 America/Araguaina] PHP Parse error:  syntax error, unexpected 'for' (T_FOR) in /usr/share/nginx/html/prova/Questao4.php on line 31
[29-Sep-2020 20:34:26 America/Araguaina] PHP Notice:  Undefined offset: 6 in /usr/share/nginx/html/prova/Questao3.php on line 24
[29-Sep-2020 20:34:26 America/Araguaina] PHP Stack trace:
[29-Sep-2020 20:34:26 America/Araguaina] PHP   1. {main}() /usr/share/nginx/html/prova/Questao3.php:0
[29-Sep-2020 20:34:26 America/Araguaina] PHP   2. adjacentElementsProduct() /usr/share/nginx/html/prova/Questao3.php:36
[30-Sep-2020 21:39:40 America/Araguaina] PHP Notice:  Undefined variable: sequence in /usr/share/nginx/html/prova/Questao5.php on line 34
[30-Sep-2020 21:39:40 America/Araguaina] PHP Stack trace:
[30-Sep-2020 21:39:40 America/Araguaina] PHP   1. {main}() /usr/share/nginx/html/prova/Questao5.php:0
[30-Sep-2020 21:40:58 America/Araguaina] PHP Parse error:  syntax error, unexpected '}', expecting end of file in /usr/share/nginx/html/prova/Questao5.php on line 33
[30-Sep-2020 21:41:27 America/Araguaina] PHP Warning:  sort() expects parameter 1 to be array, int given in /usr/share/nginx/html/prova/Questao5.php on line 23
[30-Sep-2020 21:41:27 America/Araguaina] PHP Stack trace:
[30-Sep-2020 21:41:27 America/Araguaina] PHP   1. {main}() /usr/share/nginx/html/prova/Questao5.php:0
[30-Sep-2020 21:41:27 America/Araguaina] PHP   2. almostIncreasingSequence() /usr/share/nginx/html/prova/Questao5.php:35
[30-Sep-2020 21:41:27 America/Araguaina] PHP   3. sort() /usr/share/nginx/html/prova/Questao5.php:23
[30-Sep-2020 21:41:27 America/Araguaina] PHP Warning:  sort() expects parameter 1 to be array, int given in /usr/share/nginx/html/prova/Questao5.php on line 26
[30-Sep-2020 21:41:27 America/Araguaina] PHP Stack trace:
[30-Sep-2020 21:41:27 America/Araguaina] PHP   1. {main}() /usr/share/nginx/html/prova/Questao5.php:0
[30-Sep-2020 21:41:27 America/Araguaina] PHP   2. almostIncreasingSequence() /usr/share/nginx/html/prova/Questao5.php:35
[30-Sep-2020 21:41:27 America/Araguaina] PHP   3. sort() /usr/share/nginx/html/prova/Questao5.php:26
[30-Sep-2020 21:41:50 America/Araguaina] PHP Warning:  sort() expects parameter 1 to be array, int given in /usr/share/nginx/html/prova/Questao5.php on line 23
[30-Sep-2020 21:41:50 America/Araguaina] PHP Stack trace:
[30-Sep-2020 21:41:50 America/Araguaina] PHP   1. {main}() /usr/share/nginx/html/prova/Questao5.php:0
[30-Sep-2020 21:41:50 America/Araguaina] PHP   2. almostIncreasingSequence() /usr/share/nginx/html/prova/Questao5.php:35
[30-Sep-2020 21:41:50 America/Araguaina] PHP   3. sort() /usr/share/nginx/html/prova/Questao5.php:23
[30-Sep-2020 21:41:50 America/Araguaina] PHP Warning:  sort() expects parameter 1 to be array, int given in /usr/share/nginx/html/prova/Questao5.php on line 26
[30-Sep-2020 21:41:50 America/Araguaina] PHP Stack trace:
[30-Sep-2020 21:41:50 America/Araguaina] PHP   1. {main}() /usr/share/nginx/html/prova/Questao5.php:0
[30-Sep-2020 21:41:50 America/Araguaina] PHP   2. almostIncreasingSequence() /usr/share/nginx/html/prova/Questao5.php:35
[30-Sep-2020 21:41:50 America/Araguaina] PHP   3. sort() /usr/share/nginx/html/prova/Questao5.php:26
[30-Sep-2020 21:41:51 America/Araguaina] PHP Warning:  sort() expects parameter 1 to be array, int given in /usr/share/nginx/html/prova/Questao5.php on line 23
[30-Sep-2020 21:41:51 America/Araguaina] PHP Stack trace:
[30-Sep-2020 21:41:51 America/Araguaina] PHP   1. {main}() /usr/share/nginx/html/prova/Questao5.php:0
[30-Sep-2020 21:41:51 America/Araguaina] PHP   2. almostIncreasingSequence() /usr/share/nginx/html/prova/Questao5.php:35
[30-Sep-2020 21:41:51 America/Araguaina] PHP   3. sort() /usr/share/nginx/html/prova/Questao5.php:23
[30-Sep-2020 21:41:51 America/Araguaina] PHP Warning:  sort() expects parameter 1 to be array, int given in /usr/share/nginx/html/prova/Questao5.php on line 26
[30-Sep-2020 21:41:51 America/Araguaina] PHP Stack trace:
[30-Sep-2020 21:41:51 America/Araguaina] PHP   1. {main}() /usr/share/nginx/html/prova/Questao5.php:0
[30-Sep-2020 21:41:51 America/Araguaina] PHP   2. almostIncreasingSequence() /usr/share/nginx/html/prova/Questao5.php:35
[30-Sep-2020 21:41:51 America/Araguaina] PHP   3. sort() /usr/share/nginx/html/prova/Questao5.php:26
[30-Sep-2020 21:42:14 America/Araguaina] PHP Notice:  Array to string conversion in /usr/share/nginx/html/prova/Questao5.php on line 26
[30-Sep-2020 21:42:14 America/Araguaina] PHP Stack trace:
[30-Sep-2020 21:42:14 America/Araguaina] PHP   1. {main}() /usr/share/nginx/html/prova/Questao5.php:0
[30-Sep-2020 21:42:14 America/Araguaina] PHP   2. almostIncreasingSequence() /usr/share/nginx/html/prova/Questao5.php:35
[30-Sep-2020 21:42:15 America/Araguaina] PHP Notice:  Array to string conversion in /usr/share/nginx/html/prova/Questao5.php on line 26
[30-Sep-2020 21:42:15 America/Araguaina] PHP Stack trace:
[30-Sep-2020 21:42:15 America/Araguaina] PHP   1. {main}() /usr/share/nginx/html/prova/Questao5.php:0
[30-Sep-2020 21:42:15 America/Araguaina] PHP   2. almostIncreasingSequence() /usr/share/nginx/html/prova/Questao5.php:35
[30-Sep-2020 21:43:43 America/Araguaina] PHP Warning:  sort() expects parameter 1 to be array, int given in /usr/share/nginx/html/prova/Questao5.php on line 23
[30-Sep-2020 21:43:43 America/Araguaina] PHP Stack trace:
[30-Sep-2020 21:43:43 America/Araguaina] PHP   1. {main}() /usr/share/nginx/html/prova/Questao5.php:0
[30-Sep-2020 21:43:43 America/Araguaina] PHP   2. almostIncreasingSequence() /usr/share/nginx/html/prova/Questao5.php:35
[30-Sep-2020 21:43:43 America/Araguaina] PHP   3. sort() /usr/share/nginx/html/prova/Questao5.php:23
[30-Sep-2020 21:43:43 America/Araguaina] PHP Warning:  sort() expects parameter 1 to be array, int given in /usr/share/nginx/html/prova/Questao5.php on line 26
[30-Sep-2020 21:43:43 America/Araguaina] PHP Stack trace:
[30-Sep-2020 21:43:43 America/Araguaina] PHP   1. {main}() /usr/share/nginx/html/prova/Questao5.php:0
[30-Sep-2020 21:43:43 America/Araguaina] PHP   2. almostIncreasingSequence() /usr/share/nginx/html/prova/Questao5.php:35
[30-Sep-2020 21:43:43 America/Araguaina] PHP   3. sort() /usr/share/nginx/html/prova/Questao5.php:26
[30-Sep-2020 21:43:45 America/Araguaina] PHP Warning:  sort() expects parameter 1 to be array, int given in /usr/share/nginx/html/prova/Questao5.php on line 23
[30-Sep-2020 21:43:45 America/Araguaina] PHP Stack trace:
[30-Sep-2020 21:43:45 America/Araguaina] PHP   1. {main}() /usr/share/nginx/html/prova/Questao5.php:0
[30-Sep-2020 21:43:45 America/Araguaina] PHP   2. almostIncreasingSequence() /usr/share/nginx/html/prova/Questao5.php:35
[30-Sep-2020 21:43:45 America/Araguaina] PHP   3. sort() /usr/share/nginx/html/prova/Questao5.php:23
[30-Sep-2020 21:43:45 America/Araguaina] PHP Warning:  sort() expects parameter 1 to be array, int given in /usr/share/nginx/html/prova/Questao5.php on line 26
[30-Sep-2020 21:43:45 America/Araguaina] PHP Stack trace:
[30-Sep-2020 21:43:45 America/Araguaina] PHP   1. {main}() /usr/share/nginx/html/prova/Questao5.php:0
[30-Sep-2020 21:43:45 America/Araguaina] PHP   2. almostIncreasingSequence() /usr/share/nginx/html/prova/Questao5.php:35
[30-Sep-2020 21:43:45 America/Araguaina] PHP   3. sort() /usr/share/nginx/html/prova/Questao5.php:26
[30-Sep-2020 21:48:45 America/Araguaina] PHP Notice:  Array to string conversion in /usr/share/nginx/html/prova/Questao5.php on line 27
[30-Sep-2020 21:48:45 America/Araguaina] PHP Stack trace:
[30-Sep-2020 21:48:45 America/Araguaina] PHP   1. {main}() /usr/share/nginx/html/prova/Questao5.php:0
[30-Sep-2020 21:48:46 America/Araguaina] PHP Notice:  Array to string conversion in /usr/share/nginx/html/prova/Questao5.php on line 27
[30-Sep-2020 21:48:46 America/Araguaina] PHP Stack trace:
[30-Sep-2020 21:48:46 America/Araguaina] PHP   1. {main}() /usr/share/nginx/html/prova/Questao5.php:0
[30-Sep-2020 21:50:17 America/Araguaina] PHP Notice:  Array to string conversion in /usr/share/nginx/html/prova/Questao5.php on line 26
[30-Sep-2020 21:50:17 America/Araguaina] PHP Stack trace:
[30-Sep-2020 21:50:17 America/Araguaina] PHP   1. {main}() /usr/share/nginx/html/prova/Questao5.php:0
[30-Sep-2020 21:50:18 America/Araguaina] PHP Notice:  Array to string conversion in /usr/share/nginx/html/prova/Questao5.php on line 26
[30-Sep-2020 21:50:18 America/Araguaina] PHP Stack trace:
[30-Sep-2020 21:50:18 America/Araguaina] PHP   1. {main}() /usr/share/nginx/html/prova/Questao5.php:0
[30-Sep-2020 21:50:18 America/Araguaina] PHP Notice:  Array to string conversion in /usr/share/nginx/html/prova/Questao5.php on line 26
[30-Sep-2020 21:50:18 America/Araguaina] PHP Stack trace:
[30-Sep-2020 21:50:18 America/Araguaina] PHP   1. {main}() /usr/share/nginx/html/prova/Questao5.php:0
[30-Sep-2020 21:50:18 America/Araguaina] PHP Notice:  Array to string conversion in /usr/share/nginx/html/prova/Questao5.php on line 26
[30-Sep-2020 21:50:18 America/Araguaina] PHP Stack trace:
[30-Sep-2020 21:50:18 America/Araguaina] PHP   1. {main}() /usr/share/nginx/html/prova/Questao5.php:0
[30-Sep-2020 21:53:03 America/Araguaina] PHP Fatal error:  Maximum execution time of 30 seconds exceeded in /usr/share/nginx/html/prova/Questao5.php on line 25
[30-Sep-2020 21:53:03 America/Araguaina] PHP Stack trace:
[30-Sep-2020 21:53:03 America/Araguaina] PHP   1. {main}() /usr/share/nginx/html/prova/Questao5.php:0
[30-Sep-2020 21:53:18 America/Araguaina] PHP Fatal error:  Maximum execution time of 30 seconds exceeded in /usr/share/nginx/html/prova/Questao5.php on line 25
[30-Sep-2020 21:53:18 America/Araguaina] PHP Stack trace:
[30-Sep-2020 21:53:18 America/Araguaina] PHP   1. {main}() /usr/share/nginx/html/prova/Questao5.php:0
[08-Oct-2020 16:49:34 America/Araguaina] PHP Notice:  Undefined offset: 7 in /usr/share/nginx/html/prova/Questao3.php on line 24
[08-Oct-2020 16:49:34 America/Araguaina] PHP Stack trace:
[08-Oct-2020 16:49:34 America/Araguaina] PHP   1. {main}() /usr/share/nginx/html/prova/Questao3.php:0
[08-Oct-2020 16:49:34 America/Araguaina] PHP   2. adjacentElementsProduct() /usr/share/nginx/html/prova/Questao3.php:36
[08-Oct-2020 17:09:39 America/Araguaina] PHP Parse error:  syntax error, unexpected end of file in /usr/share/nginx/html/prova/Questao4.php on line 51
